DEBUG - 2026-04-18 11:13:18 --> Session: Class initialized using 'CodeIgniter\Session\Handlers\FileHandler' driver.
DEBUG - 2026-04-18 11:16:44 --> Session: Class initialized using 'CodeIgniter\Session\Handlers\FileHandler' driver.
DEBUG - 2026-04-18 11:16:48 --> Session: Class initialized using 'CodeIgniter\Session\Handlers\FileHandler' driver.
DEBUG - 2026-04-18 11:17:58 --> Session: Class initialized using 'CodeIgniter\Session\Handlers\FileHandler' driver.
CRITICAL - 2026-04-18 13:11:23 --> CodeIgniter\Security\Exceptions\SecurityException: The action you requested is not allowed.
[Method: POST, Route: student/profile]
in SYSTEMPATH\Security\Security.php on line 258.
 1 SYSTEMPATH\Security\Security.php(258): CodeIgniter\Security\Exceptions\SecurityException::forDisallowedAction()
 2 SYSTEMPATH\Filters\CSRF.php(52): CodeIgniter\Security\Security->verify(Object(CodeIgniter\HTTP\IncomingRequest))
 3 SYSTEMPATH\Filters\Filters.php(241): CodeIgniter\Filters\CSRF->before(Object(CodeIgniter\HTTP\IncomingRequest), null)
 4 SYSTEMPATH\Filters\Filters.php(221): CodeIgniter\Filters\Filters->runBefore([...])
 5 SYSTEMPATH\CodeIgniter.php(465): CodeIgniter\Filters\Filters->run('student/profile', 'before')
 6 SYSTEMPATH\CodeIgniter.php(340): CodeIgniter\CodeIgniter->handleRequest(null, Object(Config\Cache), false)
 7 SYSTEMPATH\Boot.php(417): CodeIgniter\CodeIgniter->run()
 8 SYSTEMPATH\Boot.php(68): CodeIgniter\Boot::runCodeIgniter(Object(CodeIgniter\CodeIgniter))
 9 FCPATH\index.php(59): CodeIgniter\Boot::bootWeb(Object(Config\Paths))
10 SYSTEMPATH\rewrite.php(44): require_once('C:\\xampp\\htdocs\\evaluation_enseignant\\public\\index.php')
CRITICAL - 2026-04-18 13:12:02 --> CodeIgniter\Security\Exceptions\SecurityException: The action you requested is not allowed.
[Method: POST, Route: student/profile]
in SYSTEMPATH\Security\Security.php on line 258.
 1 SYSTEMPATH\Security\Security.php(258): CodeIgniter\Security\Exceptions\SecurityException::forDisallowedAction()
 2 SYSTEMPATH\Filters\CSRF.php(52): CodeIgniter\Security\Security->verify(Object(CodeIgniter\HTTP\IncomingRequest))
 3 SYSTEMPATH\Filters\Filters.php(241): CodeIgniter\Filters\CSRF->before(Object(CodeIgniter\HTTP\IncomingRequest), null)
 4 SYSTEMPATH\Filters\Filters.php(221): CodeIgniter\Filters\Filters->runBefore([...])
 5 SYSTEMPATH\CodeIgniter.php(465): CodeIgniter\Filters\Filters->run('student/profile', 'before')
 6 SYSTEMPATH\CodeIgniter.php(340): CodeIgniter\CodeIgniter->handleRequest(null, Object(Config\Cache), false)
 7 SYSTEMPATH\Boot.php(417): CodeIgniter\CodeIgniter->run()
 8 SYSTEMPATH\Boot.php(68): CodeIgniter\Boot::runCodeIgniter(Object(CodeIgniter\CodeIgniter))
 9 FCPATH\index.php(59): CodeIgniter\Boot::bootWeb(Object(Config\Paths))
10 SYSTEMPATH\rewrite.php(44): require_once('C:\\xampp\\htdocs\\evaluation_enseignant\\public\\index.php')
INFO - 2026-04-18 13:13:17 --> CSRF token verified.
INFO - 2026-04-18 13:15:04 --> CSRF token verified.
INFO - 2026-04-18 13:16:35 --> CSRF token verified.
INFO - 2026-04-18 13:19:04 --> CSRF token verified.
INFO - 2026-04-18 13:20:27 --> CSRF token verified.
INFO - 2026-04-18 13:25:00 --> CSRF token verified.
INFO - 2026-04-18 13:28:33 --> CSRF token verified.
CRITICAL - 2026-04-18 13:28:33 --> CodeIgniter\View\Exceptions\ViewException: Invalid file: "student/teachers.php"
[Method: POST, Route: student/teachers]
in SYSTEMPATH\Exceptions\FrameworkException.php on line 39.
 1 SYSTEMPATH\View\View.php(228): CodeIgniter\Exceptions\FrameworkException::forInvalidFile('student/teachers.php')
 2 SYSTEMPATH\Common.php(1250): CodeIgniter\View\View->render('student/teachers', [], true)
 3 APPPATH\Controllers\Student.php(26): view('student/teachers', [...])
 4 SYSTEMPATH\CodeIgniter.php(951): App\Controllers\Student->teachers()
 5 SYSTEMPATH\CodeIgniter.php(497): CodeIgniter\CodeIgniter->runController(Object(App\Controllers\Student))
 6 SYSTEMPATH\CodeIgniter.php(340): CodeIgniter\CodeIgniter->handleRequest(null, Object(Config\Cache), false)
 7 SYSTEMPATH\Boot.php(417): CodeIgniter\CodeIgniter->run()
 8 SYSTEMPATH\Boot.php(68): CodeIgniter\Boot::runCodeIgniter(Object(CodeIgniter\CodeIgniter))
 9 FCPATH\index.php(59): CodeIgniter\Boot::bootWeb(Object(Config\Paths))
10 SYSTEMPATH\rewrite.php(44): require_once('C:\\xampp\\htdocs\\evaluation_enseignant\\public\\index.php')
INFO - 2026-04-18 13:29:09 --> CSRF token verified.
CRITICAL - 2026-04-18 13:29:09 --> CodeIgniter\View\Exceptions\ViewException: Invalid file: "student/teachers.php"
[Method: POST, Route: student/teachers]
in SYSTEMPATH\Exceptions\FrameworkException.php on line 39.
 1 SYSTEMPATH\View\View.php(228): CodeIgniter\Exceptions\FrameworkException::forInvalidFile('student/teachers.php')
 2 SYSTEMPATH\Common.php(1250): CodeIgniter\View\View->render('student/teachers', [], true)
 3 APPPATH\Controllers\Student.php(26): view('student/teachers', [...])
 4 SYSTEMPATH\CodeIgniter.php(951): App\Controllers\Student->teachers()
 5 SYSTEMPATH\CodeIgniter.php(497): CodeIgniter\CodeIgniter->runController(Object(App\Controllers\Student))
 6 SYSTEMPATH\CodeIgniter.php(340): CodeIgniter\CodeIgniter->handleRequest(null, Object(Config\Cache), false)
 7 SYSTEMPATH\Boot.php(417): CodeIgniter\CodeIgniter->run()
 8 SYSTEMPATH\Boot.php(68): CodeIgniter\Boot::runCodeIgniter(Object(CodeIgniter\CodeIgniter))
 9 FCPATH\index.php(59): CodeIgniter\Boot::bootWeb(Object(Config\Paths))
10 SYSTEMPATH\rewrite.php(44): require_once('C:\\xampp\\htdocs\\evaluation_enseignant\\public\\index.php')
INFO - 2026-04-18 13:30:41 --> CSRF token verified.
CRITICAL - 2026-04-18 13:30:59 --> Error: Class "App\Controllers\PageNotFoundException" not found
[Method: GET, Route: student]
in APPPATH\Controllers\pages.php on line 15.
 1 SYSTEMPATH\CodeIgniter.php(951): App\Controllers\Pages->view('student')
 2 SYSTEMPATH\CodeIgniter.php(497): CodeIgniter\CodeIgniter->runController(Object(App\Controllers\Pages))
 3 SYSTEMPATH\CodeIgniter.php(340): CodeIgniter\CodeIgniter->handleRequest(null, Object(Config\Cache), false)
 4 SYSTEMPATH\Boot.php(417): CodeIgniter\CodeIgniter->run()
 5 SYSTEMPATH\Boot.php(68): CodeIgniter\Boot::runCodeIgniter(Object(CodeIgniter\CodeIgniter))
 6 FCPATH\index.php(59): CodeIgniter\Boot::bootWeb(Object(Config\Paths))
 7 SYSTEMPATH\rewrite.php(44): require_once('C:\\xampp\\htdocs\\evaluation_enseignant\\public\\index.php')
CRITICAL - 2026-04-18 13:31:04 --> Error: Class "App\Controllers\PageNotFoundException" not found
[Method: GET, Route: students]
in APPPATH\Controllers\pages.php on line 15.
 1 SYSTEMPATH\CodeIgniter.php(951): App\Controllers\Pages->view('students')
 2 SYSTEMPATH\CodeIgniter.php(497): CodeIgniter\CodeIgniter->runController(Object(App\Controllers\Pages))
 3 SYSTEMPATH\CodeIgniter.php(340): CodeIgniter\CodeIgniter->handleRequest(null, Object(Config\Cache), false)
 4 SYSTEMPATH\Boot.php(417): CodeIgniter\CodeIgniter->run()
 5 SYSTEMPATH\Boot.php(68): CodeIgniter\Boot::runCodeIgniter(Object(CodeIgniter\CodeIgniter))
 6 FCPATH\index.php(59): CodeIgniter\Boot::bootWeb(Object(Config\Paths))
 7 SYSTEMPATH\rewrite.php(44): require_once('C:\\xampp\\htdocs\\evaluation_enseignant\\public\\index.php')
INFO - 2026-04-18 13:31:12 --> CSRF token verified.
INFO - 2026-04-18 13:39:34 --> CSRF token verified.
INFO - 2026-04-18 13:41:45 --> CSRF token verified.
INFO - 2026-04-18 13:54:12 --> CSRF token verified.
INFO - 2026-04-18 13:56:12 --> CSRF token verified.
INFO - 2026-04-18 14:00:22 --> CSRF token verified.
