DEBUG - 2026-04-27 06:56:45 --> Session: Class initialized using 'CodeIgniter\Session\Handlers\FileHandler' driver.
INFO - 2026-04-27 06:58:09 --> CSRF token verified.
DEBUG - 2026-04-27 06:58:10 --> Session: Class initialized using 'CodeIgniter\Session\Handlers\FileHandler' driver.
DEBUG - 2026-04-27 06:58:10 --> Session: Class initialized using 'CodeIgniter\Session\Handlers\FileHandler' driver.
DEBUG - 2026-04-27 06:59:20 --> Session: Class initialized using 'CodeIgniter\Session\Handlers\FileHandler' driver.
INFO - 2026-04-27 06:59:32 --> CSRF token verified.
DEBUG - 2026-04-27 06:59:32 --> Session: Class initialized using 'CodeIgniter\Session\Handlers\FileHandler' driver.
CRITICAL - 2026-04-27 06:59:33 --> CodeIgniter\Filters\Exceptions\FilterException: "auth" filter must have a matching alias defined.
[Method: GET, Route: student/dashboard]
in SYSTEMPATH\Filters\Filters.php on line 590.
 1 SYSTEMPATH\Filters\Filters.php(590): CodeIgniter\Filters\Exceptions\FilterException::forNoAlias('auth')
 2 SYSTEMPATH\Filters\Filters.php(641): CodeIgniter\Filters\Filters->enableFilter('auth:student', 'before')
 3 SYSTEMPATH\CodeIgniter.php(453): CodeIgniter\Filters\Filters->enableFilters([...], 'before')
 4 SYSTEMPATH\CodeIgniter.php(340): CodeIgniter\CodeIgniter->handleRequest(null, Object(Config\Cache), false)
 5 SYSTEMPATH\Boot.php(417): CodeIgniter\CodeIgniter->run()
 6 SYSTEMPATH\Boot.php(68): CodeIgniter\Boot::runCodeIgniter(Object(CodeIgniter\CodeIgniter))
 7 FCPATH\index.php(59): CodeIgniter\Boot::bootWeb(Object(Config\Paths))
 8 SYSTEMPATH\rewrite.php(44): require_once('C:\\Users\\BrAiN\\-valuation-des-enseignants\\public\\index.php')
DEBUG - 2026-04-27 07:04:33 --> Session: Class initialized using 'CodeIgniter\Session\Handlers\FileHandler' driver.
DEBUG - 2026-04-27 07:04:50 --> Session: Class initialized using 'CodeIgniter\Session\Handlers\FileHandler' driver.
CRITICAL - 2026-04-27 07:04:50 --> TypeError: App\Controllers\Auth::index(): Return value must be of type string, CodeIgniter\HTTP\RedirectResponse returned
[Method: GET, Route: login]
in APPPATH\Controllers\Auth.php on line 15.
 1 SYSTEMPATH\CodeIgniter.php(951): App\Controllers\Auth->index()
 2 SYSTEMPATH\CodeIgniter.php(497): CodeIgniter\CodeIgniter->runController(Object(App\Controllers\Auth))
 3 SYSTEMPATH\CodeIgniter.php(340): CodeIgniter\CodeIgniter->handleRequest(null, Object(Config\Cache), false)
 4 SYSTEMPATH\Boot.php(417): CodeIgniter\CodeIgniter->run()
 5 SYSTEMPATH\Boot.php(68): CodeIgniter\Boot::runCodeIgniter(Object(CodeIgniter\CodeIgniter))
 6 FCPATH\index.php(59): CodeIgniter\Boot::bootWeb(Object(Config\Paths))
 7 SYSTEMPATH\rewrite.php(44): require_once('C:\\Users\\BrAiN\\-valuation-des-enseignants\\public\\index.php')
DEBUG - 2026-04-27 07:04:56 --> Session: Class initialized using 'CodeIgniter\Session\Handlers\FileHandler' driver.
CRITICAL - 2026-04-27 07:04:56 --> TypeError: App\Controllers\Auth::index(): Return value must be of type string, CodeIgniter\HTTP\RedirectResponse returned
[Method: GET, Route: login]
in APPPATH\Controllers\Auth.php on line 15.
 1 SYSTEMPATH\CodeIgniter.php(951): App\Controllers\Auth->index()
 2 SYSTEMPATH\CodeIgniter.php(497): CodeIgniter\CodeIgniter->runController(Object(App\Controllers\Auth))
 3 SYSTEMPATH\CodeIgniter.php(340): CodeIgniter\CodeIgniter->handleRequest(null, Object(Config\Cache), false)
 4 SYSTEMPATH\Boot.php(417): CodeIgniter\CodeIgniter->run()
 5 SYSTEMPATH\Boot.php(68): CodeIgniter\Boot::runCodeIgniter(Object(CodeIgniter\CodeIgniter))
 6 FCPATH\index.php(59): CodeIgniter\Boot::bootWeb(Object(Config\Paths))
 7 SYSTEMPATH\rewrite.php(44): require_once('C:\\Users\\BrAiN\\-valuation-des-enseignants\\public\\index.php')
DEBUG - 2026-04-27 07:06:49 --> Session: Class initialized using 'CodeIgniter\Session\Handlers\FileHandler' driver.
CRITICAL - 2026-04-27 07:06:49 --> TypeError: App\Controllers\Auth::index(): Return value must be of type string, CodeIgniter\HTTP\RedirectResponse returned
[Method: GET, Route: login]
in APPPATH\Controllers\Auth.php on line 15.
 1 SYSTEMPATH\CodeIgniter.php(951): App\Controllers\Auth->index()
 2 SYSTEMPATH\CodeIgniter.php(497): CodeIgniter\CodeIgniter->runController(Object(App\Controllers\Auth))
 3 SYSTEMPATH\CodeIgniter.php(340): CodeIgniter\CodeIgniter->handleRequest(null, Object(Config\Cache), false)
 4 SYSTEMPATH\Boot.php(417): CodeIgniter\CodeIgniter->run()
 5 SYSTEMPATH\Boot.php(68): CodeIgniter\Boot::runCodeIgniter(Object(CodeIgniter\CodeIgniter))
 6 FCPATH\index.php(59): CodeIgniter\Boot::bootWeb(Object(Config\Paths))
 7 SYSTEMPATH\rewrite.php(44): require_once('C:\\Users\\BrAiN\\-valuation-des-enseignants\\public\\index.php')
CRITICAL - 2026-04-27 07:08:36 --> ParseError: syntax error, unexpected token "{", expecting "function" or "const"
[Method: GET, Route: login]
in APPPATH\Controllers\Auth.php on line 11.
 1 SYSTEMPATH\Autoloader\Autoloader.php(295): CodeIgniter\Autoloader\Autoloader->includeFile('C:\\Users\\BrAiN\\-valuation-des-enseignants\\app\\Controllers\\Auth.php')
 2 SYSTEMPATH\Autoloader\Autoloader.php(271): CodeIgniter\Autoloader\Autoloader->loadInNamespace('App\\Controllers\\Auth')
 3 [internal function]: CodeIgniter\Autoloader\Autoloader->loadClass('App\\Controllers\\Auth')
 4 SYSTEMPATH\Router\Router.php(792): class_exists('\\App\\Controllers\\Auth')
 5 SYSTEMPATH\Router\Router.php(230): CodeIgniter\Router\Router->processRouteAttributes()
 6 SYSTEMPATH\CodeIgniter.php(829): CodeIgniter\Router\Router->handle('login')
 7 SYSTEMPATH\CodeIgniter.php(441): CodeIgniter\CodeIgniter->tryToRouteIt(Object(CodeIgniter\Router\RouteCollection))
 8 SYSTEMPATH\CodeIgniter.php(340): CodeIgniter\CodeIgniter->handleRequest(null, Object(Config\Cache), false)
 9 SYSTEMPATH\Boot.php(417): CodeIgniter\CodeIgniter->run()
10 SYSTEMPATH\Boot.php(68): CodeIgniter\Boot::runCodeIgniter(Object(CodeIgniter\CodeIgniter))
11 FCPATH\index.php(59): CodeIgniter\Boot::bootWeb(Object(Config\Paths))
12 SYSTEMPATH\rewrite.php(44): require_once('C:\\Users\\BrAiN\\-valuation-des-enseignants\\public\\index.php')
CRITICAL - 2026-04-27 07:08:38 --> ParseError: syntax error, unexpected token "{", expecting "function" or "const"
[Method: GET, Route: login]
in APPPATH\Controllers\Auth.php on line 11.
 1 SYSTEMPATH\Autoloader\Autoloader.php(295): CodeIgniter\Autoloader\Autoloader->includeFile('C:\\Users\\BrAiN\\-valuation-des-enseignants\\app\\Controllers\\Auth.php')
 2 SYSTEMPATH\Autoloader\Autoloader.php(271): CodeIgniter\Autoloader\Autoloader->loadInNamespace('App\\Controllers\\Auth')
 3 [internal function]: CodeIgniter\Autoloader\Autoloader->loadClass('App\\Controllers\\Auth')
 4 SYSTEMPATH\Router\Router.php(792): class_exists('\\App\\Controllers\\Auth')
 5 SYSTEMPATH\Router\Router.php(230): CodeIgniter\Router\Router->processRouteAttributes()
 6 SYSTEMPATH\CodeIgniter.php(829): CodeIgniter\Router\Router->handle('login')
 7 SYSTEMPATH\CodeIgniter.php(441): CodeIgniter\CodeIgniter->tryToRouteIt(Object(CodeIgniter\Router\RouteCollection))
 8 SYSTEMPATH\CodeIgniter.php(340): CodeIgniter\CodeIgniter->handleRequest(null, Object(Config\Cache), false)
 9 SYSTEMPATH\Boot.php(417): CodeIgniter\CodeIgniter->run()
10 SYSTEMPATH\Boot.php(68): CodeIgniter\Boot::runCodeIgniter(Object(CodeIgniter\CodeIgniter))
11 FCPATH\index.php(59): CodeIgniter\Boot::bootWeb(Object(Config\Paths))
12 SYSTEMPATH\rewrite.php(44): require_once('C:\\Users\\BrAiN\\-valuation-des-enseignants\\public\\index.php')
DEBUG - 2026-04-27 07:09:51 --> Session: Class initialized using 'CodeIgniter\Session\Handlers\FileHandler' driver.
DEBUG - 2026-04-27 07:09:51 --> Session: Class initialized using 'CodeIgniter\Session\Handlers\FileHandler' driver.
DEBUG - 2026-04-27 07:10:11 --> Session: Class initialized using 'CodeIgniter\Session\Handlers\FileHandler' driver.
DEBUG - 2026-04-27 07:10:11 --> Session: Class initialized using 'CodeIgniter\Session\Handlers\FileHandler' driver.
DEBUG - 2026-04-27 07:13:04 --> Session: Class initialized using 'CodeIgniter\Session\Handlers\FileHandler' driver.
DEBUG - 2026-04-27 07:13:04 --> Session: Class initialized using 'CodeIgniter\Session\Handlers\FileHandler' driver.
DEBUG - 2026-04-27 07:14:20 --> Session: Class initialized using 'CodeIgniter\Session\Handlers\FileHandler' driver.
DEBUG - 2026-04-27 07:16:49 --> Session: Class initialized using 'CodeIgniter\Session\Handlers\FileHandler' driver.
DEBUG - 2026-04-27 07:16:49 --> Session: Class initialized using 'CodeIgniter\Session\Handlers\FileHandler' driver.
DEBUG - 2026-04-27 07:24:19 --> Session: Class initialized using 'CodeIgniter\Session\Handlers\FileHandler' driver.
DEBUG - 2026-04-27 07:24:19 --> Session: Class initialized using 'CodeIgniter\Session\Handlers\FileHandler' driver.
DEBUG - 2026-04-27 07:32:01 --> Session: Class initialized using 'CodeIgniter\Session\Handlers\FileHandler' driver.
DEBUG - 2026-04-27 07:32:04 --> Session: Class initialized using 'CodeIgniter\Session\Handlers\FileHandler' driver.
DEBUG - 2026-04-27 07:32:05 --> Session: Class initialized using 'CodeIgniter\Session\Handlers\FileHandler' driver.
DEBUG - 2026-04-27 07:32:21 --> Session: Class initialized using 'CodeIgniter\Session\Handlers\FileHandler' driver.
DEBUG - 2026-04-27 07:32:22 --> Session: Class initialized using 'CodeIgniter\Session\Handlers\FileHandler' driver.
DEBUG - 2026-04-27 07:32:33 --> Session: Class initialized using 'CodeIgniter\Session\Handlers\FileHandler' driver.
DEBUG - 2026-04-27 07:32:33 --> Session: Class initialized using 'CodeIgniter\Session\Handlers\FileHandler' driver.
DEBUG - 2026-04-27 07:32:41 --> Session: Class initialized using 'CodeIgniter\Session\Handlers\FileHandler' driver.
DEBUG - 2026-04-27 07:32:41 --> Session: Class initialized using 'CodeIgniter\Session\Handlers\FileHandler' driver.
DEBUG - 2026-04-27 07:32:42 --> Session: Class initialized using 'CodeIgniter\Session\Handlers\FileHandler' driver.
DEBUG - 2026-04-27 07:32:42 --> Session: Class initialized using 'CodeIgniter\Session\Handlers\FileHandler' driver.
DEBUG - 2026-04-27 07:35:37 --> Session: Class initialized using 'CodeIgniter\Session\Handlers\FileHandler' driver.
DEBUG - 2026-04-27 07:35:37 --> Session: Class initialized using 'CodeIgniter\Session\Handlers\FileHandler' driver.
DEBUG - 2026-04-27 07:37:57 --> Session: Class initialized using 'CodeIgniter\Session\Handlers\FileHandler' driver.
DEBUG - 2026-04-27 07:37:58 --> Session: Class initialized using 'CodeIgniter\Session\Handlers\FileHandler' driver.
INFO - 2026-04-27 07:39:14 --> CSRF token verified.
INFO - 2026-04-27 07:41:03 --> CSRF token verified.
DEBUG - 2026-04-27 07:41:03 --> Session: Class initialized using 'CodeIgniter\Session\Handlers\FileHandler' driver.
DEBUG - 2026-04-27 07:41:04 --> Session: Class initialized using 'CodeIgniter\Session\Handlers\FileHandler' driver.
INFO - 2026-04-27 07:41:08 --> CSRF token verified.
DEBUG - 2026-04-27 07:41:08 --> Session: Class initialized using 'CodeIgniter\Session\Handlers\FileHandler' driver.
DEBUG - 2026-04-27 07:41:08 --> Session: Class initialized using 'CodeIgniter\Session\Handlers\FileHandler' driver.
DEBUG - 2026-04-27 07:43:15 --> Session: Class initialized using 'CodeIgniter\Session\Handlers\FileHandler' driver.
DEBUG - 2026-04-27 07:43:17 --> Session: Class initialized using 'CodeIgniter\Session\Handlers\FileHandler' driver.
DEBUG - 2026-04-27 07:43:18 --> Session: Class initialized using 'CodeIgniter\Session\Handlers\FileHandler' driver.
DEBUG - 2026-04-27 07:43:18 --> Session: Class initialized using 'CodeIgniter\Session\Handlers\FileHandler' driver.
DEBUG - 2026-04-27 07:43:20 --> Session: Class initialized using 'CodeIgniter\Session\Handlers\FileHandler' driver.
DEBUG - 2026-04-27 07:43:20 --> Session: Class initialized using 'CodeIgniter\Session\Handlers\FileHandler' driver.
DEBUG - 2026-04-27 07:43:32 --> Session: Class initialized using 'CodeIgniter\Session\Handlers\FileHandler' driver.
DEBUG - 2026-04-27 07:43:32 --> Session: Class initialized using 'CodeIgniter\Session\Handlers\FileHandler' driver.
DEBUG - 2026-04-27 07:43:48 --> Session: Class initialized using 'CodeIgniter\Session\Handlers\FileHandler' driver.
DEBUG - 2026-04-27 07:43:48 --> Session: Class initialized using 'CodeIgniter\Session\Handlers\FileHandler' driver.
INFO - 2026-04-27 07:44:30 --> CSRF token verified.
DEBUG - 2026-04-27 07:44:30 --> Session: Class initialized using 'CodeIgniter\Session\Handlers\FileHandler' driver.
DEBUG - 2026-04-27 07:44:31 --> Session: Class initialized using 'CodeIgniter\Session\Handlers\FileHandler' driver.
DEBUG - 2026-04-27 07:47:01 --> Session: Class initialized using 'CodeIgniter\Session\Handlers\FileHandler' driver.
DEBUG - 2026-04-27 07:47:02 --> Session: Class initialized using 'CodeIgniter\Session\Handlers\FileHandler' driver.
DEBUG - 2026-04-27 07:47:13 --> Session: Class initialized using 'CodeIgniter\Session\Handlers\FileHandler' driver.
DEBUG - 2026-04-27 07:47:14 --> Session: Class initialized using 'CodeIgniter\Session\Handlers\FileHandler' driver.
DEBUG - 2026-04-27 07:47:17 --> Session: Class initialized using 'CodeIgniter\Session\Handlers\FileHandler' driver.
DEBUG - 2026-04-27 07:47:20 --> Session: Class initialized using 'CodeIgniter\Session\Handlers\FileHandler' driver.
DEBUG - 2026-04-27 07:47:21 --> Session: Class initialized using 'CodeIgniter\Session\Handlers\FileHandler' driver.
DEBUG - 2026-04-27 07:47:28 --> Session: Class initialized using 'CodeIgniter\Session\Handlers\FileHandler' driver.
DEBUG - 2026-04-27 07:47:29 --> Session: Class initialized using 'CodeIgniter\Session\Handlers\FileHandler' driver.
INFO - 2026-04-27 07:47:44 --> CSRF token verified.
DEBUG - 2026-04-27 07:47:45 --> Session: Class initialized using 'CodeIgniter\Session\Handlers\FileHandler' driver.
DEBUG - 2026-04-27 07:47:45 --> Session: Class initialized using 'CodeIgniter\Session\Handlers\FileHandler' driver.
DEBUG - 2026-04-27 07:49:43 --> Session: Class initialized using 'CodeIgniter\Session\Handlers\FileHandler' driver.
DEBUG - 2026-04-27 07:53:30 --> Session: Class initialized using 'CodeIgniter\Session\Handlers\FileHandler' driver.
DEBUG - 2026-04-27 07:53:30 --> Session: Class initialized using 'CodeIgniter\Session\Handlers\FileHandler' driver.
DEBUG - 2026-04-27 07:55:02 --> Session: Class initialized using 'CodeIgniter\Session\Handlers\FileHandler' driver.
DEBUG - 2026-04-27 07:55:02 --> Session: Class initialized using 'CodeIgniter\Session\Handlers\FileHandler' driver.
INFO - 2026-04-27 07:55:52 --> CSRF token verified.
ERROR - 2026-04-27 07:55:56 --> Error connecting to the database: mysqli_sql_exception: No connection could be made because the target machine actively refused it in C:\Users\BrAiN\-valuation-des-enseignants\system\Database\MySQLi\Connection.php:201
Stack trace:
#0 C:\Users\BrAiN\-valuation-des-enseignants\system\Database\MySQLi\Connection.php(201): mysqli->real_connect('localhost', 'root', Object(SensitiveParameterValue), 'evaluate', 3306, '', 0)
#1 C:\Users\BrAiN\-valuation-des-enseignants\system\Database\BaseConnection.php(555): CodeIgniter\Database\MySQLi\Connection->connect(false)
#2 C:\Users\BrAiN\-valuation-des-enseignants\system\Database\BaseConnection.php(795): CodeIgniter\Database\BaseConnection->initialize()
#3 C:\Users\BrAiN\-valuation-des-enseignants\system\Database\BaseBuilder.php(1649): CodeIgniter\Database\BaseConnection->query('SELECT *\nFROM `...', Array, false)
#4 C:\Users\BrAiN\-valuation-des-enseignants\system\Model.php(295): CodeIgniter\Database\BaseBuilder->get()
#5 C:\Users\BrAiN\-valuation-des-enseignants\system\BaseModel.php(714): CodeIgniter\Model->doFirst()
#6 C:\Users\BrAiN\-valuation-des-enseignants\app\Models\UserModel.php(50): CodeIgniter\BaseModel->first()
#7 C:\Users\BrAiN\-valuation-des-enseignants\app\Controllers\Auth.php(41): App\Models\UserModel->findByEmail('admin@school.cm')
#8 C:\Users\BrAiN\-valuation-des-enseignants\system\CodeIgniter.php(951): App\Controllers\Auth->login()
#9 C:\Users\BrAiN\-valuation-des-enseignants\system\CodeIgniter.php(497): CodeIgniter\CodeIgniter->runController(Object(App\Controllers\Auth))
#10 C:\Users\BrAiN\-valuation-des-enseignants\system\CodeIgniter.php(340): CodeIgniter\CodeIgniter->handleRequest(NULL, Object(Config\Cache), false)
#11 C:\Users\BrAiN\-valuation-des-enseignants\system\Boot.php(417): CodeIgniter\CodeIgniter->run()
#12 C:\Users\BrAiN\-valuation-des-enseignants\system\Boot.php(68): CodeIgniter\Boot::runCodeIgniter(Object(CodeIgniter\CodeIgniter))
#13 C:\Users\BrAiN\-valuation-des-enseignants\public\index.php(59): CodeIgniter\Boot::bootWeb(Object(Config\Paths))
#14 C:\Users\BrAiN\-valuation-des-enseignants\system\rewrite.php(44): require_once('C:\\Users\\BrAiN\\...')
#15 {main}

Next CodeIgniter\Database\Exceptions\DatabaseException: No connection could be made because the target machine actively refused it in C:\Users\BrAiN\-valuation-des-enseignants\system\Database\MySQLi\Connection.php:231
Stack trace:
#0 C:\Users\BrAiN\-valuation-des-enseignants\system\Database\BaseConnection.php(555): CodeIgniter\Database\MySQLi\Connection->connect(false)
#1 C:\Users\BrAiN\-valuation-des-enseignants\system\Database\BaseConnection.php(795): CodeIgniter\Database\BaseConnection->initialize()
#2 C:\Users\BrAiN\-valuation-des-enseignants\system\Database\BaseBuilder.php(1649): CodeIgniter\Database\BaseConnection->query('SELECT *\nFROM `...', Array, false)
#3 C:\Users\BrAiN\-valuation-des-enseignants\system\Model.php(295): CodeIgniter\Database\BaseBuilder->get()
#4 C:\Users\BrAiN\-valuation-des-enseignants\system\BaseModel.php(714): CodeIgniter\Model->doFirst()
#5 C:\Users\BrAiN\-valuation-des-enseignants\app\Models\UserModel.php(50): CodeIgniter\BaseModel->first()
#6 C:\Users\BrAiN\-valuation-des-enseignants\app\Controllers\Auth.php(41): App\Models\UserModel->findByEmail('admin@school.cm')
#7 C:\Users\BrAiN\-valuation-des-enseignants\system\CodeIgniter.php(951): App\Controllers\Auth->login()
#8 C:\Users\BrAiN\-valuation-des-enseignants\system\CodeIgniter.php(497): CodeIgniter\CodeIgniter->runController(Object(App\Controllers\Auth))
#9 C:\Users\BrAiN\-valuation-des-enseignants\system\CodeIgniter.php(340): CodeIgniter\CodeIgniter->handleRequest(NULL, Object(Config\Cache), false)
#10 C:\Users\BrAiN\-valuation-des-enseignants\system\Boot.php(417): CodeIgniter\CodeIgniter->run()
#11 C:\Users\BrAiN\-valuation-des-enseignants\system\Boot.php(68): CodeIgniter\Boot::runCodeIgniter(Object(CodeIgniter\CodeIgniter))
#12 C:\Users\BrAiN\-valuation-des-enseignants\public\index.php(59): CodeIgniter\Boot::bootWeb(Object(Config\Paths))
#13 C:\Users\BrAiN\-valuation-des-enseignants\system\rewrite.php(44): require_once('C:\\Users\\BrAiN\\...')
#14 {main}
CRITICAL - 2026-04-27 07:55:56 --> CodeIgniter\Database\Exceptions\DatabaseException: Unable to connect to the database.
Main connection [MySQLi]: No connection could be made because the target machine actively refused it
[Method: POST, Route: login]
in SYSTEMPATH\Database\BaseConnection.php on line 606.
 1 SYSTEMPATH\Database\BaseConnection.php(795): CodeIgniter\Database\BaseConnection->initialize()
 2 SYSTEMPATH\Database\BaseBuilder.php(1649): CodeIgniter\Database\BaseConnection->query('SELECT *
FROM `users`
WHERE `email` = :email:
AND `is_active` = :is_active:
 LIMIT 1', [...], false)
 3 SYSTEMPATH\Model.php(295): CodeIgniter\Database\BaseBuilder->get()
 4 SYSTEMPATH\BaseModel.php(714): CodeIgniter\Model->doFirst()
 5 APPPATH\Models\UserModel.php(50): CodeIgniter\BaseModel->first()
 6 APPPATH\Controllers\Auth.php(41): App\Models\UserModel->findByEmail('admin@school.cm')
 7 SYSTEMPATH\CodeIgniter.php(951): App\Controllers\Auth->login()
 8 SYSTEMPATH\CodeIgniter.php(497): CodeIgniter\CodeIgniter->runController(Object(App\Controllers\Auth))
 9 SYSTEMPATH\CodeIgniter.php(340): CodeIgniter\CodeIgniter->handleRequest(null, Object(Config\Cache), false)
10 SYSTEMPATH\Boot.php(417): CodeIgniter\CodeIgniter->run()
11 SYSTEMPATH\Boot.php(68): CodeIgniter\Boot::runCodeIgniter(Object(CodeIgniter\CodeIgniter))
12 FCPATH\index.php(59): CodeIgniter\Boot::bootWeb(Object(Config\Paths))
13 SYSTEMPATH\rewrite.php(44): require_once('C:\\Users\\BrAiN\\-valuation-des-enseignants\\public\\index.php')
INFO - 2026-04-27 07:55:57 --> CSRF token verified.
ERROR - 2026-04-27 07:56:01 --> Error connecting to the database: mysqli_sql_exception: No connection could be made because the target machine actively refused it in C:\Users\BrAiN\-valuation-des-enseignants\system\Database\MySQLi\Connection.php:201
Stack trace:
#0 C:\Users\BrAiN\-valuation-des-enseignants\system\Database\MySQLi\Connection.php(201): mysqli->real_connect('localhost', 'root', Object(SensitiveParameterValue), 'evaluate', 3306, '', 0)
#1 C:\Users\BrAiN\-valuation-des-enseignants\system\Database\BaseConnection.php(555): CodeIgniter\Database\MySQLi\Connection->connect(false)
#2 C:\Users\BrAiN\-valuation-des-enseignants\system\Database\BaseConnection.php(795): CodeIgniter\Database\BaseConnection->initialize()
#3 C:\Users\BrAiN\-valuation-des-enseignants\system\Database\BaseBuilder.php(1649): CodeIgniter\Database\BaseConnection->query('SELECT *\nFROM `...', Array, false)
#4 C:\Users\BrAiN\-valuation-des-enseignants\system\Model.php(295): CodeIgniter\Database\BaseBuilder->get()
#5 C:\Users\BrAiN\-valuation-des-enseignants\system\BaseModel.php(714): CodeIgniter\Model->doFirst()
#6 C:\Users\BrAiN\-valuation-des-enseignants\app\Models\UserModel.php(50): CodeIgniter\BaseModel->first()
#7 C:\Users\BrAiN\-valuation-des-enseignants\app\Controllers\Auth.php(41): App\Models\UserModel->findByEmail('admin@school.cm')
#8 C:\Users\BrAiN\-valuation-des-enseignants\system\CodeIgniter.php(951): App\Controllers\Auth->login()
#9 C:\Users\BrAiN\-valuation-des-enseignants\system\CodeIgniter.php(497): CodeIgniter\CodeIgniter->runController(Object(App\Controllers\Auth))
#10 C:\Users\BrAiN\-valuation-des-enseignants\system\CodeIgniter.php(340): CodeIgniter\CodeIgniter->handleRequest(NULL, Object(Config\Cache), false)
#11 C:\Users\BrAiN\-valuation-des-enseignants\system\Boot.php(417): CodeIgniter\CodeIgniter->run()
#12 C:\Users\BrAiN\-valuation-des-enseignants\system\Boot.php(68): CodeIgniter\Boot::runCodeIgniter(Object(CodeIgniter\CodeIgniter))
#13 C:\Users\BrAiN\-valuation-des-enseignants\public\index.php(59): CodeIgniter\Boot::bootWeb(Object(Config\Paths))
#14 C:\Users\BrAiN\-valuation-des-enseignants\system\rewrite.php(44): require_once('C:\\Users\\BrAiN\\...')
#15 {main}

Next CodeIgniter\Database\Exceptions\DatabaseException: No connection could be made because the target machine actively refused it in C:\Users\BrAiN\-valuation-des-enseignants\system\Database\MySQLi\Connection.php:231
Stack trace:
#0 C:\Users\BrAiN\-valuation-des-enseignants\system\Database\BaseConnection.php(555): CodeIgniter\Database\MySQLi\Connection->connect(false)
#1 C:\Users\BrAiN\-valuation-des-enseignants\system\Database\BaseConnection.php(795): CodeIgniter\Database\BaseConnection->initialize()
#2 C:\Users\BrAiN\-valuation-des-enseignants\system\Database\BaseBuilder.php(1649): CodeIgniter\Database\BaseConnection->query('SELECT *\nFROM `...', Array, false)
#3 C:\Users\BrAiN\-valuation-des-enseignants\system\Model.php(295): CodeIgniter\Database\BaseBuilder->get()
#4 C:\Users\BrAiN\-valuation-des-enseignants\system\BaseModel.php(714): CodeIgniter\Model->doFirst()
#5 C:\Users\BrAiN\-valuation-des-enseignants\app\Models\UserModel.php(50): CodeIgniter\BaseModel->first()
#6 C:\Users\BrAiN\-valuation-des-enseignants\app\Controllers\Auth.php(41): App\Models\UserModel->findByEmail('admin@school.cm')
#7 C:\Users\BrAiN\-valuation-des-enseignants\system\CodeIgniter.php(951): App\Controllers\Auth->login()
#8 C:\Users\BrAiN\-valuation-des-enseignants\system\CodeIgniter.php(497): CodeIgniter\CodeIgniter->runController(Object(App\Controllers\Auth))
#9 C:\Users\BrAiN\-valuation-des-enseignants\system\CodeIgniter.php(340): CodeIgniter\CodeIgniter->handleRequest(NULL, Object(Config\Cache), false)
#10 C:\Users\BrAiN\-valuation-des-enseignants\system\Boot.php(417): CodeIgniter\CodeIgniter->run()
#11 C:\Users\BrAiN\-valuation-des-enseignants\system\Boot.php(68): CodeIgniter\Boot::runCodeIgniter(Object(CodeIgniter\CodeIgniter))
#12 C:\Users\BrAiN\-valuation-des-enseignants\public\index.php(59): CodeIgniter\Boot::bootWeb(Object(Config\Paths))
#13 C:\Users\BrAiN\-valuation-des-enseignants\system\rewrite.php(44): require_once('C:\\Users\\BrAiN\\...')
#14 {main}
CRITICAL - 2026-04-27 07:56:01 --> CodeIgniter\Database\Exceptions\DatabaseException: Unable to connect to the database.
Main connection [MySQLi]: No connection could be made because the target machine actively refused it
[Method: POST, Route: login]
in SYSTEMPATH\Database\BaseConnection.php on line 606.
 1 SYSTEMPATH\Database\BaseConnection.php(795): CodeIgniter\Database\BaseConnection->initialize()
 2 SYSTEMPATH\Database\BaseBuilder.php(1649): CodeIgniter\Database\BaseConnection->query('SELECT *
FROM `users`
WHERE `email` = :email:
AND `is_active` = :is_active:
 LIMIT 1', [...], false)
 3 SYSTEMPATH\Model.php(295): CodeIgniter\Database\BaseBuilder->get()
 4 SYSTEMPATH\BaseModel.php(714): CodeIgniter\Model->doFirst()
 5 APPPATH\Models\UserModel.php(50): CodeIgniter\BaseModel->first()
 6 APPPATH\Controllers\Auth.php(41): App\Models\UserModel->findByEmail('admin@school.cm')
 7 SYSTEMPATH\CodeIgniter.php(951): App\Controllers\Auth->login()
 8 SYSTEMPATH\CodeIgniter.php(497): CodeIgniter\CodeIgniter->runController(Object(App\Controllers\Auth))
 9 SYSTEMPATH\CodeIgniter.php(340): CodeIgniter\CodeIgniter->handleRequest(null, Object(Config\Cache), false)
10 SYSTEMPATH\Boot.php(417): CodeIgniter\CodeIgniter->run()
11 SYSTEMPATH\Boot.php(68): CodeIgniter\Boot::runCodeIgniter(Object(CodeIgniter\CodeIgniter))
12 FCPATH\index.php(59): CodeIgniter\Boot::bootWeb(Object(Config\Paths))
13 SYSTEMPATH\rewrite.php(44): require_once('C:\\Users\\BrAiN\\-valuation-des-enseignants\\public\\index.php')
INFO - 2026-04-27 07:56:01 --> CSRF token verified.
ERROR - 2026-04-27 07:56:05 --> Error connecting to the database: mysqli_sql_exception: No connection could be made because the target machine actively refused it in C:\Users\BrAiN\-valuation-des-enseignants\system\Database\MySQLi\Connection.php:201
Stack trace:
#0 C:\Users\BrAiN\-valuation-des-enseignants\system\Database\MySQLi\Connection.php(201): mysqli->real_connect('localhost', 'root', Object(SensitiveParameterValue), 'evaluate', 3306, '', 0)
#1 C:\Users\BrAiN\-valuation-des-enseignants\system\Database\BaseConnection.php(555): CodeIgniter\Database\MySQLi\Connection->connect(false)
#2 C:\Users\BrAiN\-valuation-des-enseignants\system\Database\BaseConnection.php(795): CodeIgniter\Database\BaseConnection->initialize()
#3 C:\Users\BrAiN\-valuation-des-enseignants\system\Database\BaseBuilder.php(1649): CodeIgniter\Database\BaseConnection->query('SELECT *\nFROM `...', Array, false)
#4 C:\Users\BrAiN\-valuation-des-enseignants\system\Model.php(295): CodeIgniter\Database\BaseBuilder->get()
#5 C:\Users\BrAiN\-valuation-des-enseignants\system\BaseModel.php(714): CodeIgniter\Model->doFirst()
#6 C:\Users\BrAiN\-valuation-des-enseignants\app\Models\UserModel.php(50): CodeIgniter\BaseModel->first()
#7 C:\Users\BrAiN\-valuation-des-enseignants\app\Controllers\Auth.php(41): App\Models\UserModel->findByEmail('admin@school.cm')
#8 C:\Users\BrAiN\-valuation-des-enseignants\system\CodeIgniter.php(951): App\Controllers\Auth->login()
#9 C:\Users\BrAiN\-valuation-des-enseignants\system\CodeIgniter.php(497): CodeIgniter\CodeIgniter->runController(Object(App\Controllers\Auth))
#10 C:\Users\BrAiN\-valuation-des-enseignants\system\CodeIgniter.php(340): CodeIgniter\CodeIgniter->handleRequest(NULL, Object(Config\Cache), false)
#11 C:\Users\BrAiN\-valuation-des-enseignants\system\Boot.php(417): CodeIgniter\CodeIgniter->run()
#12 C:\Users\BrAiN\-valuation-des-enseignants\system\Boot.php(68): CodeIgniter\Boot::runCodeIgniter(Object(CodeIgniter\CodeIgniter))
#13 C:\Users\BrAiN\-valuation-des-enseignants\public\index.php(59): CodeIgniter\Boot::bootWeb(Object(Config\Paths))
#14 C:\Users\BrAiN\-valuation-des-enseignants\system\rewrite.php(44): require_once('C:\\Users\\BrAiN\\...')
#15 {main}

Next CodeIgniter\Database\Exceptions\DatabaseException: No connection could be made because the target machine actively refused it in C:\Users\BrAiN\-valuation-des-enseignants\system\Database\MySQLi\Connection.php:231
Stack trace:
#0 C:\Users\BrAiN\-valuation-des-enseignants\system\Database\BaseConnection.php(555): CodeIgniter\Database\MySQLi\Connection->connect(false)
#1 C:\Users\BrAiN\-valuation-des-enseignants\system\Database\BaseConnection.php(795): CodeIgniter\Database\BaseConnection->initialize()
#2 C:\Users\BrAiN\-valuation-des-enseignants\system\Database\BaseBuilder.php(1649): CodeIgniter\Database\BaseConnection->query('SELECT *\nFROM `...', Array, false)
#3 C:\Users\BrAiN\-valuation-des-enseignants\system\Model.php(295): CodeIgniter\Database\BaseBuilder->get()
#4 C:\Users\BrAiN\-valuation-des-enseignants\system\BaseModel.php(714): CodeIgniter\Model->doFirst()
#5 C:\Users\BrAiN\-valuation-des-enseignants\app\Models\UserModel.php(50): CodeIgniter\BaseModel->first()
#6 C:\Users\BrAiN\-valuation-des-enseignants\app\Controllers\Auth.php(41): App\Models\UserModel->findByEmail('admin@school.cm')
#7 C:\Users\BrAiN\-valuation-des-enseignants\system\CodeIgniter.php(951): App\Controllers\Auth->login()
#8 C:\Users\BrAiN\-valuation-des-enseignants\system\CodeIgniter.php(497): CodeIgniter\CodeIgniter->runController(Object(App\Controllers\Auth))
#9 C:\Users\BrAiN\-valuation-des-enseignants\system\CodeIgniter.php(340): CodeIgniter\CodeIgniter->handleRequest(NULL, Object(Config\Cache), false)
#10 C:\Users\BrAiN\-valuation-des-enseignants\system\Boot.php(417): CodeIgniter\CodeIgniter->run()
#11 C:\Users\BrAiN\-valuation-des-enseignants\system\Boot.php(68): CodeIgniter\Boot::runCodeIgniter(Object(CodeIgniter\CodeIgniter))
#12 C:\Users\BrAiN\-valuation-des-enseignants\public\index.php(59): CodeIgniter\Boot::bootWeb(Object(Config\Paths))
#13 C:\Users\BrAiN\-valuation-des-enseignants\system\rewrite.php(44): require_once('C:\\Users\\BrAiN\\...')
#14 {main}
CRITICAL - 2026-04-27 07:56:05 --> CodeIgniter\Database\Exceptions\DatabaseException: Unable to connect to the database.
Main connection [MySQLi]: No connection could be made because the target machine actively refused it
[Method: POST, Route: login]
in SYSTEMPATH\Database\BaseConnection.php on line 606.
 1 SYSTEMPATH\Database\BaseConnection.php(795): CodeIgniter\Database\BaseConnection->initialize()
 2 SYSTEMPATH\Database\BaseBuilder.php(1649): CodeIgniter\Database\BaseConnection->query('SELECT *
FROM `users`
WHERE `email` = :email:
AND `is_active` = :is_active:
 LIMIT 1', [...], false)
 3 SYSTEMPATH\Model.php(295): CodeIgniter\Database\BaseBuilder->get()
 4 SYSTEMPATH\BaseModel.php(714): CodeIgniter\Model->doFirst()
 5 APPPATH\Models\UserModel.php(50): CodeIgniter\BaseModel->first()
 6 APPPATH\Controllers\Auth.php(41): App\Models\UserModel->findByEmail('admin@school.cm')
 7 SYSTEMPATH\CodeIgniter.php(951): App\Controllers\Auth->login()
 8 SYSTEMPATH\CodeIgniter.php(497): CodeIgniter\CodeIgniter->runController(Object(App\Controllers\Auth))
 9 SYSTEMPATH\CodeIgniter.php(340): CodeIgniter\CodeIgniter->handleRequest(null, Object(Config\Cache), false)
10 SYSTEMPATH\Boot.php(417): CodeIgniter\CodeIgniter->run()
11 SYSTEMPATH\Boot.php(68): CodeIgniter\Boot::runCodeIgniter(Object(CodeIgniter\CodeIgniter))
12 FCPATH\index.php(59): CodeIgniter\Boot::bootWeb(Object(Config\Paths))
13 SYSTEMPATH\rewrite.php(44): require_once('C:\\Users\\BrAiN\\-valuation-des-enseignants\\public\\index.php')
INFO - 2026-04-27 07:56:05 --> CSRF token verified.
ERROR - 2026-04-27 07:56:09 --> Error connecting to the database: mysqli_sql_exception: No connection could be made because the target machine actively refused it in C:\Users\BrAiN\-valuation-des-enseignants\system\Database\MySQLi\Connection.php:201
Stack trace:
#0 C:\Users\BrAiN\-valuation-des-enseignants\system\Database\MySQLi\Connection.php(201): mysqli->real_connect('localhost', 'root', Object(SensitiveParameterValue), 'evaluate', 3306, '', 0)
#1 C:\Users\BrAiN\-valuation-des-enseignants\system\Database\BaseConnection.php(555): CodeIgniter\Database\MySQLi\Connection->connect(false)
#2 C:\Users\BrAiN\-valuation-des-enseignants\system\Database\BaseConnection.php(795): CodeIgniter\Database\BaseConnection->initialize()
#3 C:\Users\BrAiN\-valuation-des-enseignants\system\Database\BaseBuilder.php(1649): CodeIgniter\Database\BaseConnection->query('SELECT *\nFROM `...', Array, false)
#4 C:\Users\BrAiN\-valuation-des-enseignants\system\Model.php(295): CodeIgniter\Database\BaseBuilder->get()
#5 C:\Users\BrAiN\-valuation-des-enseignants\system\BaseModel.php(714): CodeIgniter\Model->doFirst()
#6 C:\Users\BrAiN\-valuation-des-enseignants\app\Models\UserModel.php(50): CodeIgniter\BaseModel->first()
#7 C:\Users\BrAiN\-valuation-des-enseignants\app\Controllers\Auth.php(41): App\Models\UserModel->findByEmail('admin@school.cm')
#8 C:\Users\BrAiN\-valuation-des-enseignants\system\CodeIgniter.php(951): App\Controllers\Auth->login()
#9 C:\Users\BrAiN\-valuation-des-enseignants\system\CodeIgniter.php(497): CodeIgniter\CodeIgniter->runController(Object(App\Controllers\Auth))
#10 C:\Users\BrAiN\-valuation-des-enseignants\system\CodeIgniter.php(340): CodeIgniter\CodeIgniter->handleRequest(NULL, Object(Config\Cache), false)
#11 C:\Users\BrAiN\-valuation-des-enseignants\system\Boot.php(417): CodeIgniter\CodeIgniter->run()
#12 C:\Users\BrAiN\-valuation-des-enseignants\system\Boot.php(68): CodeIgniter\Boot::runCodeIgniter(Object(CodeIgniter\CodeIgniter))
#13 C:\Users\BrAiN\-valuation-des-enseignants\public\index.php(59): CodeIgniter\Boot::bootWeb(Object(Config\Paths))
#14 C:\Users\BrAiN\-valuation-des-enseignants\system\rewrite.php(44): require_once('C:\\Users\\BrAiN\\...')
#15 {main}

Next CodeIgniter\Database\Exceptions\DatabaseException: No connection could be made because the target machine actively refused it in C:\Users\BrAiN\-valuation-des-enseignants\system\Database\MySQLi\Connection.php:231
Stack trace:
#0 C:\Users\BrAiN\-valuation-des-enseignants\system\Database\BaseConnection.php(555): CodeIgniter\Database\MySQLi\Connection->connect(false)
#1 C:\Users\BrAiN\-valuation-des-enseignants\system\Database\BaseConnection.php(795): CodeIgniter\Database\BaseConnection->initialize()
#2 C:\Users\BrAiN\-valuation-des-enseignants\system\Database\BaseBuilder.php(1649): CodeIgniter\Database\BaseConnection->query('SELECT *\nFROM `...', Array, false)
#3 C:\Users\BrAiN\-valuation-des-enseignants\system\Model.php(295): CodeIgniter\Database\BaseBuilder->get()
#4 C:\Users\BrAiN\-valuation-des-enseignants\system\BaseModel.php(714): CodeIgniter\Model->doFirst()
#5 C:\Users\BrAiN\-valuation-des-enseignants\app\Models\UserModel.php(50): CodeIgniter\BaseModel->first()
#6 C:\Users\BrAiN\-valuation-des-enseignants\app\Controllers\Auth.php(41): App\Models\UserModel->findByEmail('admin@school.cm')
#7 C:\Users\BrAiN\-valuation-des-enseignants\system\CodeIgniter.php(951): App\Controllers\Auth->login()
#8 C:\Users\BrAiN\-valuation-des-enseignants\system\CodeIgniter.php(497): CodeIgniter\CodeIgniter->runController(Object(App\Controllers\Auth))
#9 C:\Users\BrAiN\-valuation-des-enseignants\system\CodeIgniter.php(340): CodeIgniter\CodeIgniter->handleRequest(NULL, Object(Config\Cache), false)
#10 C:\Users\BrAiN\-valuation-des-enseignants\system\Boot.php(417): CodeIgniter\CodeIgniter->run()
#11 C:\Users\BrAiN\-valuation-des-enseignants\system\Boot.php(68): CodeIgniter\Boot::runCodeIgniter(Object(CodeIgniter\CodeIgniter))
#12 C:\Users\BrAiN\-valuation-des-enseignants\public\index.php(59): CodeIgniter\Boot::bootWeb(Object(Config\Paths))
#13 C:\Users\BrAiN\-valuation-des-enseignants\system\rewrite.php(44): require_once('C:\\Users\\BrAiN\\...')
#14 {main}
CRITICAL - 2026-04-27 07:56:09 --> CodeIgniter\Database\Exceptions\DatabaseException: Unable to connect to the database.
Main connection [MySQLi]: No connection could be made because the target machine actively refused it
[Method: POST, Route: login]
in SYSTEMPATH\Database\BaseConnection.php on line 606.
 1 SYSTEMPATH\Database\BaseConnection.php(795): CodeIgniter\Database\BaseConnection->initialize()
 2 SYSTEMPATH\Database\BaseBuilder.php(1649): CodeIgniter\Database\BaseConnection->query('SELECT *
FROM `users`
WHERE `email` = :email:
AND `is_active` = :is_active:
 LIMIT 1', [...], false)
 3 SYSTEMPATH\Model.php(295): CodeIgniter\Database\BaseBuilder->get()
 4 SYSTEMPATH\BaseModel.php(714): CodeIgniter\Model->doFirst()
 5 APPPATH\Models\UserModel.php(50): CodeIgniter\BaseModel->first()
 6 APPPATH\Controllers\Auth.php(41): App\Models\UserModel->findByEmail('admin@school.cm')
 7 SYSTEMPATH\CodeIgniter.php(951): App\Controllers\Auth->login()
 8 SYSTEMPATH\CodeIgniter.php(497): CodeIgniter\CodeIgniter->runController(Object(App\Controllers\Auth))
 9 SYSTEMPATH\CodeIgniter.php(340): CodeIgniter\CodeIgniter->handleRequest(null, Object(Config\Cache), false)
10 SYSTEMPATH\Boot.php(417): CodeIgniter\CodeIgniter->run()
11 SYSTEMPATH\Boot.php(68): CodeIgniter\Boot::runCodeIgniter(Object(CodeIgniter\CodeIgniter))
12 FCPATH\index.php(59): CodeIgniter\Boot::bootWeb(Object(Config\Paths))
13 SYSTEMPATH\rewrite.php(44): require_once('C:\\Users\\BrAiN\\-valuation-des-enseignants\\public\\index.php')
INFO - 2026-04-27 07:56:10 --> CSRF token verified.
ERROR - 2026-04-27 07:56:14 --> Error connecting to the database: mysqli_sql_exception: No connection could be made because the target machine actively refused it in C:\Users\BrAiN\-valuation-des-enseignants\system\Database\MySQLi\Connection.php:201
Stack trace:
#0 C:\Users\BrAiN\-valuation-des-enseignants\system\Database\MySQLi\Connection.php(201): mysqli->real_connect('localhost', 'root', Object(SensitiveParameterValue), 'evaluate', 3306, '', 0)
#1 C:\Users\BrAiN\-valuation-des-enseignants\system\Database\BaseConnection.php(555): CodeIgniter\Database\MySQLi\Connection->connect(false)
#2 C:\Users\BrAiN\-valuation-des-enseignants\system\Database\BaseConnection.php(795): CodeIgniter\Database\BaseConnection->initialize()
#3 C:\Users\BrAiN\-valuation-des-enseignants\system\Database\BaseBuilder.php(1649): CodeIgniter\Database\BaseConnection->query('SELECT *\nFROM `...', Array, false)
#4 C:\Users\BrAiN\-valuation-des-enseignants\system\Model.php(295): CodeIgniter\Database\BaseBuilder->get()
#5 C:\Users\BrAiN\-valuation-des-enseignants\system\BaseModel.php(714): CodeIgniter\Model->doFirst()
#6 C:\Users\BrAiN\-valuation-des-enseignants\app\Models\UserModel.php(50): CodeIgniter\BaseModel->first()
#7 C:\Users\BrAiN\-valuation-des-enseignants\app\Controllers\Auth.php(41): App\Models\UserModel->findByEmail('admin@school.cm')
#8 C:\Users\BrAiN\-valuation-des-enseignants\system\CodeIgniter.php(951): App\Controllers\Auth->login()
#9 C:\Users\BrAiN\-valuation-des-enseignants\system\CodeIgniter.php(497): CodeIgniter\CodeIgniter->runController(Object(App\Controllers\Auth))
#10 C:\Users\BrAiN\-valuation-des-enseignants\system\CodeIgniter.php(340): CodeIgniter\CodeIgniter->handleRequest(NULL, Object(Config\Cache), false)
#11 C:\Users\BrAiN\-valuation-des-enseignants\system\Boot.php(417): CodeIgniter\CodeIgniter->run()
#12 C:\Users\BrAiN\-valuation-des-enseignants\system\Boot.php(68): CodeIgniter\Boot::runCodeIgniter(Object(CodeIgniter\CodeIgniter))
#13 C:\Users\BrAiN\-valuation-des-enseignants\public\index.php(59): CodeIgniter\Boot::bootWeb(Object(Config\Paths))
#14 C:\Users\BrAiN\-valuation-des-enseignants\system\rewrite.php(44): require_once('C:\\Users\\BrAiN\\...')
#15 {main}

Next CodeIgniter\Database\Exceptions\DatabaseException: No connection could be made because the target machine actively refused it in C:\Users\BrAiN\-valuation-des-enseignants\system\Database\MySQLi\Connection.php:231
Stack trace:
#0 C:\Users\BrAiN\-valuation-des-enseignants\system\Database\BaseConnection.php(555): CodeIgniter\Database\MySQLi\Connection->connect(false)
#1 C:\Users\BrAiN\-valuation-des-enseignants\system\Database\BaseConnection.php(795): CodeIgniter\Database\BaseConnection->initialize()
#2 C:\Users\BrAiN\-valuation-des-enseignants\system\Database\BaseBuilder.php(1649): CodeIgniter\Database\BaseConnection->query('SELECT *\nFROM `...', Array, false)
#3 C:\Users\BrAiN\-valuation-des-enseignants\system\Model.php(295): CodeIgniter\Database\BaseBuilder->get()
#4 C:\Users\BrAiN\-valuation-des-enseignants\system\BaseModel.php(714): CodeIgniter\Model->doFirst()
#5 C:\Users\BrAiN\-valuation-des-enseignants\app\Models\UserModel.php(50): CodeIgniter\BaseModel->first()
#6 C:\Users\BrAiN\-valuation-des-enseignants\app\Controllers\Auth.php(41): App\Models\UserModel->findByEmail('admin@school.cm')
#7 C:\Users\BrAiN\-valuation-des-enseignants\system\CodeIgniter.php(951): App\Controllers\Auth->login()
#8 C:\Users\BrAiN\-valuation-des-enseignants\system\CodeIgniter.php(497): CodeIgniter\CodeIgniter->runController(Object(App\Controllers\Auth))
#9 C:\Users\BrAiN\-valuation-des-enseignants\system\CodeIgniter.php(340): CodeIgniter\CodeIgniter->handleRequest(NULL, Object(Config\Cache), false)
#10 C:\Users\BrAiN\-valuation-des-enseignants\system\Boot.php(417): CodeIgniter\CodeIgniter->run()
#11 C:\Users\BrAiN\-valuation-des-enseignants\system\Boot.php(68): CodeIgniter\Boot::runCodeIgniter(Object(CodeIgniter\CodeIgniter))
#12 C:\Users\BrAiN\-valuation-des-enseignants\public\index.php(59): CodeIgniter\Boot::bootWeb(Object(Config\Paths))
#13 C:\Users\BrAiN\-valuation-des-enseignants\system\rewrite.php(44): require_once('C:\\Users\\BrAiN\\...')
#14 {main}
CRITICAL - 2026-04-27 07:56:14 --> CodeIgniter\Database\Exceptions\DatabaseException: Unable to connect to the database.
Main connection [MySQLi]: No connection could be made because the target machine actively refused it
[Method: POST, Route: login]
in SYSTEMPATH\Database\BaseConnection.php on line 606.
 1 SYSTEMPATH\Database\BaseConnection.php(795): CodeIgniter\Database\BaseConnection->initialize()
 2 SYSTEMPATH\Database\BaseBuilder.php(1649): CodeIgniter\Database\BaseConnection->query('SELECT *
FROM `users`
WHERE `email` = :email:
AND `is_active` = :is_active:
 LIMIT 1', [...], false)
 3 SYSTEMPATH\Model.php(295): CodeIgniter\Database\BaseBuilder->get()
 4 SYSTEMPATH\BaseModel.php(714): CodeIgniter\Model->doFirst()
 5 APPPATH\Models\UserModel.php(50): CodeIgniter\BaseModel->first()
 6 APPPATH\Controllers\Auth.php(41): App\Models\UserModel->findByEmail('admin@school.cm')
 7 SYSTEMPATH\CodeIgniter.php(951): App\Controllers\Auth->login()
 8 SYSTEMPATH\CodeIgniter.php(497): CodeIgniter\CodeIgniter->runController(Object(App\Controllers\Auth))
 9 SYSTEMPATH\CodeIgniter.php(340): CodeIgniter\CodeIgniter->handleRequest(null, Object(Config\Cache), false)
10 SYSTEMPATH\Boot.php(417): CodeIgniter\CodeIgniter->run()
11 SYSTEMPATH\Boot.php(68): CodeIgniter\Boot::runCodeIgniter(Object(CodeIgniter\CodeIgniter))
12 FCPATH\index.php(59): CodeIgniter\Boot::bootWeb(Object(Config\Paths))
13 SYSTEMPATH\rewrite.php(44): require_once('C:\\Users\\BrAiN\\-valuation-des-enseignants\\public\\index.php')
INFO - 2026-04-27 07:56:14 --> CSRF token verified.
ERROR - 2026-04-27 07:56:18 --> Error connecting to the database: mysqli_sql_exception: No connection could be made because the target machine actively refused it in C:\Users\BrAiN\-valuation-des-enseignants\system\Database\MySQLi\Connection.php:201
Stack trace:
#0 C:\Users\BrAiN\-valuation-des-enseignants\system\Database\MySQLi\Connection.php(201): mysqli->real_connect('localhost', 'root', Object(SensitiveParameterValue), 'evaluate', 3306, '', 0)
#1 C:\Users\BrAiN\-valuation-des-enseignants\system\Database\BaseConnection.php(555): CodeIgniter\Database\MySQLi\Connection->connect(false)
#2 C:\Users\BrAiN\-valuation-des-enseignants\system\Database\BaseConnection.php(795): CodeIgniter\Database\BaseConnection->initialize()
#3 C:\Users\BrAiN\-valuation-des-enseignants\system\Database\BaseBuilder.php(1649): CodeIgniter\Database\BaseConnection->query('SELECT *\nFROM `...', Array, false)
#4 C:\Users\BrAiN\-valuation-des-enseignants\system\Model.php(295): CodeIgniter\Database\BaseBuilder->get()
#5 C:\Users\BrAiN\-valuation-des-enseignants\system\BaseModel.php(714): CodeIgniter\Model->doFirst()
#6 C:\Users\BrAiN\-valuation-des-enseignants\app\Models\UserModel.php(50): CodeIgniter\BaseModel->first()
#7 C:\Users\BrAiN\-valuation-des-enseignants\app\Controllers\Auth.php(41): App\Models\UserModel->findByEmail('admin@school.cm')
#8 C:\Users\BrAiN\-valuation-des-enseignants\system\CodeIgniter.php(951): App\Controllers\Auth->login()
#9 C:\Users\BrAiN\-valuation-des-enseignants\system\CodeIgniter.php(497): CodeIgniter\CodeIgniter->runController(Object(App\Controllers\Auth))
#10 C:\Users\BrAiN\-valuation-des-enseignants\system\CodeIgniter.php(340): CodeIgniter\CodeIgniter->handleRequest(NULL, Object(Config\Cache), false)
#11 C:\Users\BrAiN\-valuation-des-enseignants\system\Boot.php(417): CodeIgniter\CodeIgniter->run()
#12 C:\Users\BrAiN\-valuation-des-enseignants\system\Boot.php(68): CodeIgniter\Boot::runCodeIgniter(Object(CodeIgniter\CodeIgniter))
#13 C:\Users\BrAiN\-valuation-des-enseignants\public\index.php(59): CodeIgniter\Boot::bootWeb(Object(Config\Paths))
#14 C:\Users\BrAiN\-valuation-des-enseignants\system\rewrite.php(44): require_once('C:\\Users\\BrAiN\\...')
#15 {main}

Next CodeIgniter\Database\Exceptions\DatabaseException: No connection could be made because the target machine actively refused it in C:\Users\BrAiN\-valuation-des-enseignants\system\Database\MySQLi\Connection.php:231
Stack trace:
#0 C:\Users\BrAiN\-valuation-des-enseignants\system\Database\BaseConnection.php(555): CodeIgniter\Database\MySQLi\Connection->connect(false)
#1 C:\Users\BrAiN\-valuation-des-enseignants\system\Database\BaseConnection.php(795): CodeIgniter\Database\BaseConnection->initialize()
#2 C:\Users\BrAiN\-valuation-des-enseignants\system\Database\BaseBuilder.php(1649): CodeIgniter\Database\BaseConnection->query('SELECT *\nFROM `...', Array, false)
#3 C:\Users\BrAiN\-valuation-des-enseignants\system\Model.php(295): CodeIgniter\Database\BaseBuilder->get()
#4 C:\Users\BrAiN\-valuation-des-enseignants\system\BaseModel.php(714): CodeIgniter\Model->doFirst()
#5 C:\Users\BrAiN\-valuation-des-enseignants\app\Models\UserModel.php(50): CodeIgniter\BaseModel->first()
#6 C:\Users\BrAiN\-valuation-des-enseignants\app\Controllers\Auth.php(41): App\Models\UserModel->findByEmail('admin@school.cm')
#7 C:\Users\BrAiN\-valuation-des-enseignants\system\CodeIgniter.php(951): App\Controllers\Auth->login()
#8 C:\Users\BrAiN\-valuation-des-enseignants\system\CodeIgniter.php(497): CodeIgniter\CodeIgniter->runController(Object(App\Controllers\Auth))
#9 C:\Users\BrAiN\-valuation-des-enseignants\system\CodeIgniter.php(340): CodeIgniter\CodeIgniter->handleRequest(NULL, Object(Config\Cache), false)
#10 C:\Users\BrAiN\-valuation-des-enseignants\system\Boot.php(417): CodeIgniter\CodeIgniter->run()
#11 C:\Users\BrAiN\-valuation-des-enseignants\system\Boot.php(68): CodeIgniter\Boot::runCodeIgniter(Object(CodeIgniter\CodeIgniter))
#12 C:\Users\BrAiN\-valuation-des-enseignants\public\index.php(59): CodeIgniter\Boot::bootWeb(Object(Config\Paths))
#13 C:\Users\BrAiN\-valuation-des-enseignants\system\rewrite.php(44): require_once('C:\\Users\\BrAiN\\...')
#14 {main}
CRITICAL - 2026-04-27 07:56:18 --> CodeIgniter\Database\Exceptions\DatabaseException: Unable to connect to the database.
Main connection [MySQLi]: No connection could be made because the target machine actively refused it
[Method: POST, Route: login]
in SYSTEMPATH\Database\BaseConnection.php on line 606.
 1 SYSTEMPATH\Database\BaseConnection.php(795): CodeIgniter\Database\BaseConnection->initialize()
 2 SYSTEMPATH\Database\BaseBuilder.php(1649): CodeIgniter\Database\BaseConnection->query('SELECT *
FROM `users`
WHERE `email` = :email:
AND `is_active` = :is_active:
 LIMIT 1', [...], false)
 3 SYSTEMPATH\Model.php(295): CodeIgniter\Database\BaseBuilder->get()
 4 SYSTEMPATH\BaseModel.php(714): CodeIgniter\Model->doFirst()
 5 APPPATH\Models\UserModel.php(50): CodeIgniter\BaseModel->first()
 6 APPPATH\Controllers\Auth.php(41): App\Models\UserModel->findByEmail('admin@school.cm')
 7 SYSTEMPATH\CodeIgniter.php(951): App\Controllers\Auth->login()
 8 SYSTEMPATH\CodeIgniter.php(497): CodeIgniter\CodeIgniter->runController(Object(App\Controllers\Auth))
 9 SYSTEMPATH\CodeIgniter.php(340): CodeIgniter\CodeIgniter->handleRequest(null, Object(Config\Cache), false)
10 SYSTEMPATH\Boot.php(417): CodeIgniter\CodeIgniter->run()
11 SYSTEMPATH\Boot.php(68): CodeIgniter\Boot::runCodeIgniter(Object(CodeIgniter\CodeIgniter))
12 FCPATH\index.php(59): CodeIgniter\Boot::bootWeb(Object(Config\Paths))
13 SYSTEMPATH\rewrite.php(44): require_once('C:\\Users\\BrAiN\\-valuation-des-enseignants\\public\\index.php')
INFO - 2026-04-27 07:56:18 --> CSRF token verified.
ERROR - 2026-04-27 07:56:22 --> Error connecting to the database: mysqli_sql_exception: No connection could be made because the target machine actively refused it in C:\Users\BrAiN\-valuation-des-enseignants\system\Database\MySQLi\Connection.php:201
Stack trace:
#0 C:\Users\BrAiN\-valuation-des-enseignants\system\Database\MySQLi\Connection.php(201): mysqli->real_connect('localhost', 'root', Object(SensitiveParameterValue), 'evaluate', 3306, '', 0)
#1 C:\Users\BrAiN\-valuation-des-enseignants\system\Database\BaseConnection.php(555): CodeIgniter\Database\MySQLi\Connection->connect(false)
#2 C:\Users\BrAiN\-valuation-des-enseignants\system\Database\BaseConnection.php(795): CodeIgniter\Database\BaseConnection->initialize()
#3 C:\Users\BrAiN\-valuation-des-enseignants\system\Database\BaseBuilder.php(1649): CodeIgniter\Database\BaseConnection->query('SELECT *\nFROM `...', Array, false)
#4 C:\Users\BrAiN\-valuation-des-enseignants\system\Model.php(295): CodeIgniter\Database\BaseBuilder->get()
#5 C:\Users\BrAiN\-valuation-des-enseignants\system\BaseModel.php(714): CodeIgniter\Model->doFirst()
#6 C:\Users\BrAiN\-valuation-des-enseignants\app\Models\UserModel.php(50): CodeIgniter\BaseModel->first()
#7 C:\Users\BrAiN\-valuation-des-enseignants\app\Controllers\Auth.php(41): App\Models\UserModel->findByEmail('admin@school.cm')
#8 C:\Users\BrAiN\-valuation-des-enseignants\system\CodeIgniter.php(951): App\Controllers\Auth->login()
#9 C:\Users\BrAiN\-valuation-des-enseignants\system\CodeIgniter.php(497): CodeIgniter\CodeIgniter->runController(Object(App\Controllers\Auth))
#10 C:\Users\BrAiN\-valuation-des-enseignants\system\CodeIgniter.php(340): CodeIgniter\CodeIgniter->handleRequest(NULL, Object(Config\Cache), false)
#11 C:\Users\BrAiN\-valuation-des-enseignants\system\Boot.php(417): CodeIgniter\CodeIgniter->run()
#12 C:\Users\BrAiN\-valuation-des-enseignants\system\Boot.php(68): CodeIgniter\Boot::runCodeIgniter(Object(CodeIgniter\CodeIgniter))
#13 C:\Users\BrAiN\-valuation-des-enseignants\public\index.php(59): CodeIgniter\Boot::bootWeb(Object(Config\Paths))
#14 C:\Users\BrAiN\-valuation-des-enseignants\system\rewrite.php(44): require_once('C:\\Users\\BrAiN\\...')
#15 {main}

Next CodeIgniter\Database\Exceptions\DatabaseException: No connection could be made because the target machine actively refused it in C:\Users\BrAiN\-valuation-des-enseignants\system\Database\MySQLi\Connection.php:231
Stack trace:
#0 C:\Users\BrAiN\-valuation-des-enseignants\system\Database\BaseConnection.php(555): CodeIgniter\Database\MySQLi\Connection->connect(false)
#1 C:\Users\BrAiN\-valuation-des-enseignants\system\Database\BaseConnection.php(795): CodeIgniter\Database\BaseConnection->initialize()
#2 C:\Users\BrAiN\-valuation-des-enseignants\system\Database\BaseBuilder.php(1649): CodeIgniter\Database\BaseConnection->query('SELECT *\nFROM `...', Array, false)
#3 C:\Users\BrAiN\-valuation-des-enseignants\system\Model.php(295): CodeIgniter\Database\BaseBuilder->get()
#4 C:\Users\BrAiN\-valuation-des-enseignants\system\BaseModel.php(714): CodeIgniter\Model->doFirst()
#5 C:\Users\BrAiN\-valuation-des-enseignants\app\Models\UserModel.php(50): CodeIgniter\BaseModel->first()
#6 C:\Users\BrAiN\-valuation-des-enseignants\app\Controllers\Auth.php(41): App\Models\UserModel->findByEmail('admin@school.cm')
#7 C:\Users\BrAiN\-valuation-des-enseignants\system\CodeIgniter.php(951): App\Controllers\Auth->login()
#8 C:\Users\BrAiN\-valuation-des-enseignants\system\CodeIgniter.php(497): CodeIgniter\CodeIgniter->runController(Object(App\Controllers\Auth))
#9 C:\Users\BrAiN\-valuation-des-enseignants\system\CodeIgniter.php(340): CodeIgniter\CodeIgniter->handleRequest(NULL, Object(Config\Cache), false)
#10 C:\Users\BrAiN\-valuation-des-enseignants\system\Boot.php(417): CodeIgniter\CodeIgniter->run()
#11 C:\Users\BrAiN\-valuation-des-enseignants\system\Boot.php(68): CodeIgniter\Boot::runCodeIgniter(Object(CodeIgniter\CodeIgniter))
#12 C:\Users\BrAiN\-valuation-des-enseignants\public\index.php(59): CodeIgniter\Boot::bootWeb(Object(Config\Paths))
#13 C:\Users\BrAiN\-valuation-des-enseignants\system\rewrite.php(44): require_once('C:\\Users\\BrAiN\\...')
#14 {main}
CRITICAL - 2026-04-27 07:56:22 --> CodeIgniter\Database\Exceptions\DatabaseException: Unable to connect to the database.
Main connection [MySQLi]: No connection could be made because the target machine actively refused it
[Method: POST, Route: login]
in SYSTEMPATH\Database\BaseConnection.php on line 606.
 1 SYSTEMPATH\Database\BaseConnection.php(795): CodeIgniter\Database\BaseConnection->initialize()
 2 SYSTEMPATH\Database\BaseBuilder.php(1649): CodeIgniter\Database\BaseConnection->query('SELECT *
FROM `users`
WHERE `email` = :email:
AND `is_active` = :is_active:
 LIMIT 1', [...], false)
 3 SYSTEMPATH\Model.php(295): CodeIgniter\Database\BaseBuilder->get()
 4 SYSTEMPATH\BaseModel.php(714): CodeIgniter\Model->doFirst()
 5 APPPATH\Models\UserModel.php(50): CodeIgniter\BaseModel->first()
 6 APPPATH\Controllers\Auth.php(41): App\Models\UserModel->findByEmail('admin@school.cm')
 7 SYSTEMPATH\CodeIgniter.php(951): App\Controllers\Auth->login()
 8 SYSTEMPATH\CodeIgniter.php(497): CodeIgniter\CodeIgniter->runController(Object(App\Controllers\Auth))
 9 SYSTEMPATH\CodeIgniter.php(340): CodeIgniter\CodeIgniter->handleRequest(null, Object(Config\Cache), false)
10 SYSTEMPATH\Boot.php(417): CodeIgniter\CodeIgniter->run()
11 SYSTEMPATH\Boot.php(68): CodeIgniter\Boot::runCodeIgniter(Object(CodeIgniter\CodeIgniter))
12 FCPATH\index.php(59): CodeIgniter\Boot::bootWeb(Object(Config\Paths))
13 SYSTEMPATH\rewrite.php(44): require_once('C:\\Users\\BrAiN\\-valuation-des-enseignants\\public\\index.php')
INFO - 2026-04-27 07:56:23 --> CSRF token verified.
ERROR - 2026-04-27 07:56:27 --> Error connecting to the database: mysqli_sql_exception: No connection could be made because the target machine actively refused it in C:\Users\BrAiN\-valuation-des-enseignants\system\Database\MySQLi\Connection.php:201
Stack trace:
#0 C:\Users\BrAiN\-valuation-des-enseignants\system\Database\MySQLi\Connection.php(201): mysqli->real_connect('localhost', 'root', Object(SensitiveParameterValue), 'evaluate', 3306, '', 0)
#1 C:\Users\BrAiN\-valuation-des-enseignants\system\Database\BaseConnection.php(555): CodeIgniter\Database\MySQLi\Connection->connect(false)
#2 C:\Users\BrAiN\-valuation-des-enseignants\system\Database\BaseConnection.php(795): CodeIgniter\Database\BaseConnection->initialize()
#3 C:\Users\BrAiN\-valuation-des-enseignants\system\Database\BaseBuilder.php(1649): CodeIgniter\Database\BaseConnection->query('SELECT *\nFROM `...', Array, false)
#4 C:\Users\BrAiN\-valuation-des-enseignants\system\Model.php(295): CodeIgniter\Database\BaseBuilder->get()
#5 C:\Users\BrAiN\-valuation-des-enseignants\system\BaseModel.php(714): CodeIgniter\Model->doFirst()
#6 C:\Users\BrAiN\-valuation-des-enseignants\app\Models\UserModel.php(50): CodeIgniter\BaseModel->first()
#7 C:\Users\BrAiN\-valuation-des-enseignants\app\Controllers\Auth.php(41): App\Models\UserModel->findByEmail('admin@school.cm')
#8 C:\Users\BrAiN\-valuation-des-enseignants\system\CodeIgniter.php(951): App\Controllers\Auth->login()
#9 C:\Users\BrAiN\-valuation-des-enseignants\system\CodeIgniter.php(497): CodeIgniter\CodeIgniter->runController(Object(App\Controllers\Auth))
#10 C:\Users\BrAiN\-valuation-des-enseignants\system\CodeIgniter.php(340): CodeIgniter\CodeIgniter->handleRequest(NULL, Object(Config\Cache), false)
#11 C:\Users\BrAiN\-valuation-des-enseignants\system\Boot.php(417): CodeIgniter\CodeIgniter->run()
#12 C:\Users\BrAiN\-valuation-des-enseignants\system\Boot.php(68): CodeIgniter\Boot::runCodeIgniter(Object(CodeIgniter\CodeIgniter))
#13 C:\Users\BrAiN\-valuation-des-enseignants\public\index.php(59): CodeIgniter\Boot::bootWeb(Object(Config\Paths))
#14 C:\Users\BrAiN\-valuation-des-enseignants\system\rewrite.php(44): require_once('C:\\Users\\BrAiN\\...')
#15 {main}

Next CodeIgniter\Database\Exceptions\DatabaseException: No connection could be made because the target machine actively refused it in C:\Users\BrAiN\-valuation-des-enseignants\system\Database\MySQLi\Connection.php:231
Stack trace:
#0 C:\Users\BrAiN\-valuation-des-enseignants\system\Database\BaseConnection.php(555): CodeIgniter\Database\MySQLi\Connection->connect(false)
#1 C:\Users\BrAiN\-valuation-des-enseignants\system\Database\BaseConnection.php(795): CodeIgniter\Database\BaseConnection->initialize()
#2 C:\Users\BrAiN\-valuation-des-enseignants\system\Database\BaseBuilder.php(1649): CodeIgniter\Database\BaseConnection->query('SELECT *\nFROM `...', Array, false)
#3 C:\Users\BrAiN\-valuation-des-enseignants\system\Model.php(295): CodeIgniter\Database\BaseBuilder->get()
#4 C:\Users\BrAiN\-valuation-des-enseignants\system\BaseModel.php(714): CodeIgniter\Model->doFirst()
#5 C:\Users\BrAiN\-valuation-des-enseignants\app\Models\UserModel.php(50): CodeIgniter\BaseModel->first()
#6 C:\Users\BrAiN\-valuation-des-enseignants\app\Controllers\Auth.php(41): App\Models\UserModel->findByEmail('admin@school.cm')
#7 C:\Users\BrAiN\-valuation-des-enseignants\system\CodeIgniter.php(951): App\Controllers\Auth->login()
#8 C:\Users\BrAiN\-valuation-des-enseignants\system\CodeIgniter.php(497): CodeIgniter\CodeIgniter->runController(Object(App\Controllers\Auth))
#9 C:\Users\BrAiN\-valuation-des-enseignants\system\CodeIgniter.php(340): CodeIgniter\CodeIgniter->handleRequest(NULL, Object(Config\Cache), false)
#10 C:\Users\BrAiN\-valuation-des-enseignants\system\Boot.php(417): CodeIgniter\CodeIgniter->run()
#11 C:\Users\BrAiN\-valuation-des-enseignants\system\Boot.php(68): CodeIgniter\Boot::runCodeIgniter(Object(CodeIgniter\CodeIgniter))
#12 C:\Users\BrAiN\-valuation-des-enseignants\public\index.php(59): CodeIgniter\Boot::bootWeb(Object(Config\Paths))
#13 C:\Users\BrAiN\-valuation-des-enseignants\system\rewrite.php(44): require_once('C:\\Users\\BrAiN\\...')
#14 {main}
CRITICAL - 2026-04-27 07:56:27 --> CodeIgniter\Database\Exceptions\DatabaseException: Unable to connect to the database.
Main connection [MySQLi]: No connection could be made because the target machine actively refused it
[Method: POST, Route: login]
in SYSTEMPATH\Database\BaseConnection.php on line 606.
 1 SYSTEMPATH\Database\BaseConnection.php(795): CodeIgniter\Database\BaseConnection->initialize()
 2 SYSTEMPATH\Database\BaseBuilder.php(1649): CodeIgniter\Database\BaseConnection->query('SELECT *
FROM `users`
WHERE `email` = :email:
AND `is_active` = :is_active:
 LIMIT 1', [...], false)
 3 SYSTEMPATH\Model.php(295): CodeIgniter\Database\BaseBuilder->get()
 4 SYSTEMPATH\BaseModel.php(714): CodeIgniter\Model->doFirst()
 5 APPPATH\Models\UserModel.php(50): CodeIgniter\BaseModel->first()
 6 APPPATH\Controllers\Auth.php(41): App\Models\UserModel->findByEmail('admin@school.cm')
 7 SYSTEMPATH\CodeIgniter.php(951): App\Controllers\Auth->login()
 8 SYSTEMPATH\CodeIgniter.php(497): CodeIgniter\CodeIgniter->runController(Object(App\Controllers\Auth))
 9 SYSTEMPATH\CodeIgniter.php(340): CodeIgniter\CodeIgniter->handleRequest(null, Object(Config\Cache), false)
10 SYSTEMPATH\Boot.php(417): CodeIgniter\CodeIgniter->run()
11 SYSTEMPATH\Boot.php(68): CodeIgniter\Boot::runCodeIgniter(Object(CodeIgniter\CodeIgniter))
12 FCPATH\index.php(59): CodeIgniter\Boot::bootWeb(Object(Config\Paths))
13 SYSTEMPATH\rewrite.php(44): require_once('C:\\Users\\BrAiN\\-valuation-des-enseignants\\public\\index.php')
INFO - 2026-04-27 07:56:27 --> CSRF token verified.
ERROR - 2026-04-27 07:56:31 --> Error connecting to the database: mysqli_sql_exception: No connection could be made because the target machine actively refused it in C:\Users\BrAiN\-valuation-des-enseignants\system\Database\MySQLi\Connection.php:201
Stack trace:
#0 C:\Users\BrAiN\-valuation-des-enseignants\system\Database\MySQLi\Connection.php(201): mysqli->real_connect('localhost', 'root', Object(SensitiveParameterValue), 'evaluate', 3306, '', 0)
#1 C:\Users\BrAiN\-valuation-des-enseignants\system\Database\BaseConnection.php(555): CodeIgniter\Database\MySQLi\Connection->connect(false)
#2 C:\Users\BrAiN\-valuation-des-enseignants\system\Database\BaseConnection.php(795): CodeIgniter\Database\BaseConnection->initialize()
#3 C:\Users\BrAiN\-valuation-des-enseignants\system\Database\BaseBuilder.php(1649): CodeIgniter\Database\BaseConnection->query('SELECT *\nFROM `...', Array, false)
#4 C:\Users\BrAiN\-valuation-des-enseignants\system\Model.php(295): CodeIgniter\Database\BaseBuilder->get()
#5 C:\Users\BrAiN\-valuation-des-enseignants\system\BaseModel.php(714): CodeIgniter\Model->doFirst()
#6 C:\Users\BrAiN\-valuation-des-enseignants\app\Models\UserModel.php(50): CodeIgniter\BaseModel->first()
#7 C:\Users\BrAiN\-valuation-des-enseignants\app\Controllers\Auth.php(41): App\Models\UserModel->findByEmail('admin@school.cm')
#8 C:\Users\BrAiN\-valuation-des-enseignants\system\CodeIgniter.php(951): App\Controllers\Auth->login()
#9 C:\Users\BrAiN\-valuation-des-enseignants\system\CodeIgniter.php(497): CodeIgniter\CodeIgniter->runController(Object(App\Controllers\Auth))
#10 C:\Users\BrAiN\-valuation-des-enseignants\system\CodeIgniter.php(340): CodeIgniter\CodeIgniter->handleRequest(NULL, Object(Config\Cache), false)
#11 C:\Users\BrAiN\-valuation-des-enseignants\system\Boot.php(417): CodeIgniter\CodeIgniter->run()
#12 C:\Users\BrAiN\-valuation-des-enseignants\system\Boot.php(68): CodeIgniter\Boot::runCodeIgniter(Object(CodeIgniter\CodeIgniter))
#13 C:\Users\BrAiN\-valuation-des-enseignants\public\index.php(59): CodeIgniter\Boot::bootWeb(Object(Config\Paths))
#14 C:\Users\BrAiN\-valuation-des-enseignants\system\rewrite.php(44): require_once('C:\\Users\\BrAiN\\...')
#15 {main}

Next CodeIgniter\Database\Exceptions\DatabaseException: No connection could be made because the target machine actively refused it in C:\Users\BrAiN\-valuation-des-enseignants\system\Database\MySQLi\Connection.php:231
Stack trace:
#0 C:\Users\BrAiN\-valuation-des-enseignants\system\Database\BaseConnection.php(555): CodeIgniter\Database\MySQLi\Connection->connect(false)
#1 C:\Users\BrAiN\-valuation-des-enseignants\system\Database\BaseConnection.php(795): CodeIgniter\Database\BaseConnection->initialize()
#2 C:\Users\BrAiN\-valuation-des-enseignants\system\Database\BaseBuilder.php(1649): CodeIgniter\Database\BaseConnection->query('SELECT *\nFROM `...', Array, false)
#3 C:\Users\BrAiN\-valuation-des-enseignants\system\Model.php(295): CodeIgniter\Database\BaseBuilder->get()
#4 C:\Users\BrAiN\-valuation-des-enseignants\system\BaseModel.php(714): CodeIgniter\Model->doFirst()
#5 C:\Users\BrAiN\-valuation-des-enseignants\app\Models\UserModel.php(50): CodeIgniter\BaseModel->first()
#6 C:\Users\BrAiN\-valuation-des-enseignants\app\Controllers\Auth.php(41): App\Models\UserModel->findByEmail('admin@school.cm')
#7 C:\Users\BrAiN\-valuation-des-enseignants\system\CodeIgniter.php(951): App\Controllers\Auth->login()
#8 C:\Users\BrAiN\-valuation-des-enseignants\system\CodeIgniter.php(497): CodeIgniter\CodeIgniter->runController(Object(App\Controllers\Auth))
#9 C:\Users\BrAiN\-valuation-des-enseignants\system\CodeIgniter.php(340): CodeIgniter\CodeIgniter->handleRequest(NULL, Object(Config\Cache), false)
#10 C:\Users\BrAiN\-valuation-des-enseignants\system\Boot.php(417): CodeIgniter\CodeIgniter->run()
#11 C:\Users\BrAiN\-valuation-des-enseignants\system\Boot.php(68): CodeIgniter\Boot::runCodeIgniter(Object(CodeIgniter\CodeIgniter))
#12 C:\Users\BrAiN\-valuation-des-enseignants\public\index.php(59): CodeIgniter\Boot::bootWeb(Object(Config\Paths))
#13 C:\Users\BrAiN\-valuation-des-enseignants\system\rewrite.php(44): require_once('C:\\Users\\BrAiN\\...')
#14 {main}
CRITICAL - 2026-04-27 07:56:31 --> CodeIgniter\Database\Exceptions\DatabaseException: Unable to connect to the database.
Main connection [MySQLi]: No connection could be made because the target machine actively refused it
[Method: POST, Route: login]
in SYSTEMPATH\Database\BaseConnection.php on line 606.
 1 SYSTEMPATH\Database\BaseConnection.php(795): CodeIgniter\Database\BaseConnection->initialize()
 2 SYSTEMPATH\Database\BaseBuilder.php(1649): CodeIgniter\Database\BaseConnection->query('SELECT *
FROM `users`
WHERE `email` = :email:
AND `is_active` = :is_active:
 LIMIT 1', [...], false)
 3 SYSTEMPATH\Model.php(295): CodeIgniter\Database\BaseBuilder->get()
 4 SYSTEMPATH\BaseModel.php(714): CodeIgniter\Model->doFirst()
 5 APPPATH\Models\UserModel.php(50): CodeIgniter\BaseModel->first()
 6 APPPATH\Controllers\Auth.php(41): App\Models\UserModel->findByEmail('admin@school.cm')
 7 SYSTEMPATH\CodeIgniter.php(951): App\Controllers\Auth->login()
 8 SYSTEMPATH\CodeIgniter.php(497): CodeIgniter\CodeIgniter->runController(Object(App\Controllers\Auth))
 9 SYSTEMPATH\CodeIgniter.php(340): CodeIgniter\CodeIgniter->handleRequest(null, Object(Config\Cache), false)
10 SYSTEMPATH\Boot.php(417): CodeIgniter\CodeIgniter->run()
11 SYSTEMPATH\Boot.php(68): CodeIgniter\Boot::runCodeIgniter(Object(CodeIgniter\CodeIgniter))
12 FCPATH\index.php(59): CodeIgniter\Boot::bootWeb(Object(Config\Paths))
13 SYSTEMPATH\rewrite.php(44): require_once('C:\\Users\\BrAiN\\-valuation-des-enseignants\\public\\index.php')
INFO - 2026-04-27 07:56:31 --> CSRF token verified.
ERROR - 2026-04-27 07:56:35 --> Error connecting to the database: mysqli_sql_exception: No connection could be made because the target machine actively refused it in C:\Users\BrAiN\-valuation-des-enseignants\system\Database\MySQLi\Connection.php:201
Stack trace:
#0 C:\Users\BrAiN\-valuation-des-enseignants\system\Database\MySQLi\Connection.php(201): mysqli->real_connect('localhost', 'root', Object(SensitiveParameterValue), 'evaluate', 3306, '', 0)
#1 C:\Users\BrAiN\-valuation-des-enseignants\system\Database\BaseConnection.php(555): CodeIgniter\Database\MySQLi\Connection->connect(false)
#2 C:\Users\BrAiN\-valuation-des-enseignants\system\Database\BaseConnection.php(795): CodeIgniter\Database\BaseConnection->initialize()
#3 C:\Users\BrAiN\-valuation-des-enseignants\system\Database\BaseBuilder.php(1649): CodeIgniter\Database\BaseConnection->query('SELECT *\nFROM `...', Array, false)
#4 C:\Users\BrAiN\-valuation-des-enseignants\system\Model.php(295): CodeIgniter\Database\BaseBuilder->get()
#5 C:\Users\BrAiN\-valuation-des-enseignants\system\BaseModel.php(714): CodeIgniter\Model->doFirst()
#6 C:\Users\BrAiN\-valuation-des-enseignants\app\Models\UserModel.php(50): CodeIgniter\BaseModel->first()
#7 C:\Users\BrAiN\-valuation-des-enseignants\app\Controllers\Auth.php(41): App\Models\UserModel->findByEmail('admin@school.cm')
#8 C:\Users\BrAiN\-valuation-des-enseignants\system\CodeIgniter.php(951): App\Controllers\Auth->login()
#9 C:\Users\BrAiN\-valuation-des-enseignants\system\CodeIgniter.php(497): CodeIgniter\CodeIgniter->runController(Object(App\Controllers\Auth))
#10 C:\Users\BrAiN\-valuation-des-enseignants\system\CodeIgniter.php(340): CodeIgniter\CodeIgniter->handleRequest(NULL, Object(Config\Cache), false)
#11 C:\Users\BrAiN\-valuation-des-enseignants\system\Boot.php(417): CodeIgniter\CodeIgniter->run()
#12 C:\Users\BrAiN\-valuation-des-enseignants\system\Boot.php(68): CodeIgniter\Boot::runCodeIgniter(Object(CodeIgniter\CodeIgniter))
#13 C:\Users\BrAiN\-valuation-des-enseignants\public\index.php(59): CodeIgniter\Boot::bootWeb(Object(Config\Paths))
#14 C:\Users\BrAiN\-valuation-des-enseignants\system\rewrite.php(44): require_once('C:\\Users\\BrAiN\\...')
#15 {main}

Next CodeIgniter\Database\Exceptions\DatabaseException: No connection could be made because the target machine actively refused it in C:\Users\BrAiN\-valuation-des-enseignants\system\Database\MySQLi\Connection.php:231
Stack trace:
#0 C:\Users\BrAiN\-valuation-des-enseignants\system\Database\BaseConnection.php(555): CodeIgniter\Database\MySQLi\Connection->connect(false)
#1 C:\Users\BrAiN\-valuation-des-enseignants\system\Database\BaseConnection.php(795): CodeIgniter\Database\BaseConnection->initialize()
#2 C:\Users\BrAiN\-valuation-des-enseignants\system\Database\BaseBuilder.php(1649): CodeIgniter\Database\BaseConnection->query('SELECT *\nFROM `...', Array, false)
#3 C:\Users\BrAiN\-valuation-des-enseignants\system\Model.php(295): CodeIgniter\Database\BaseBuilder->get()
#4 C:\Users\BrAiN\-valuation-des-enseignants\system\BaseModel.php(714): CodeIgniter\Model->doFirst()
#5 C:\Users\BrAiN\-valuation-des-enseignants\app\Models\UserModel.php(50): CodeIgniter\BaseModel->first()
#6 C:\Users\BrAiN\-valuation-des-enseignants\app\Controllers\Auth.php(41): App\Models\UserModel->findByEmail('admin@school.cm')
#7 C:\Users\BrAiN\-valuation-des-enseignants\system\CodeIgniter.php(951): App\Controllers\Auth->login()
#8 C:\Users\BrAiN\-valuation-des-enseignants\system\CodeIgniter.php(497): CodeIgniter\CodeIgniter->runController(Object(App\Controllers\Auth))
#9 C:\Users\BrAiN\-valuation-des-enseignants\system\CodeIgniter.php(340): CodeIgniter\CodeIgniter->handleRequest(NULL, Object(Config\Cache), false)
#10 C:\Users\BrAiN\-valuation-des-enseignants\system\Boot.php(417): CodeIgniter\CodeIgniter->run()
#11 C:\Users\BrAiN\-valuation-des-enseignants\system\Boot.php(68): CodeIgniter\Boot::runCodeIgniter(Object(CodeIgniter\CodeIgniter))
#12 C:\Users\BrAiN\-valuation-des-enseignants\public\index.php(59): CodeIgniter\Boot::bootWeb(Object(Config\Paths))
#13 C:\Users\BrAiN\-valuation-des-enseignants\system\rewrite.php(44): require_once('C:\\Users\\BrAiN\\...')
#14 {main}
CRITICAL - 2026-04-27 07:56:35 --> CodeIgniter\Database\Exceptions\DatabaseException: Unable to connect to the database.
Main connection [MySQLi]: No connection could be made because the target machine actively refused it
[Method: POST, Route: login]
in SYSTEMPATH\Database\BaseConnection.php on line 606.
 1 SYSTEMPATH\Database\BaseConnection.php(795): CodeIgniter\Database\BaseConnection->initialize()
 2 SYSTEMPATH\Database\BaseBuilder.php(1649): CodeIgniter\Database\BaseConnection->query('SELECT *
FROM `users`
WHERE `email` = :email:
AND `is_active` = :is_active:
 LIMIT 1', [...], false)
 3 SYSTEMPATH\Model.php(295): CodeIgniter\Database\BaseBuilder->get()
 4 SYSTEMPATH\BaseModel.php(714): CodeIgniter\Model->doFirst()
 5 APPPATH\Models\UserModel.php(50): CodeIgniter\BaseModel->first()
 6 APPPATH\Controllers\Auth.php(41): App\Models\UserModel->findByEmail('admin@school.cm')
 7 SYSTEMPATH\CodeIgniter.php(951): App\Controllers\Auth->login()
 8 SYSTEMPATH\CodeIgniter.php(497): CodeIgniter\CodeIgniter->runController(Object(App\Controllers\Auth))
 9 SYSTEMPATH\CodeIgniter.php(340): CodeIgniter\CodeIgniter->handleRequest(null, Object(Config\Cache), false)
10 SYSTEMPATH\Boot.php(417): CodeIgniter\CodeIgniter->run()
11 SYSTEMPATH\Boot.php(68): CodeIgniter\Boot::runCodeIgniter(Object(CodeIgniter\CodeIgniter))
12 FCPATH\index.php(59): CodeIgniter\Boot::bootWeb(Object(Config\Paths))
13 SYSTEMPATH\rewrite.php(44): require_once('C:\\Users\\BrAiN\\-valuation-des-enseignants\\public\\index.php')
INFO - 2026-04-27 07:57:34 --> CSRF token verified.
DEBUG - 2026-04-27 07:57:34 --> Session: Class initialized using 'CodeIgniter\Session\Handlers\FileHandler' driver.
DEBUG - 2026-04-27 07:57:34 --> Session: Class initialized using 'CodeIgniter\Session\Handlers\FileHandler' driver.
DEBUG - 2026-04-27 07:58:29 --> Session: Class initialized using 'CodeIgniter\Session\Handlers\FileHandler' driver.
DEBUG - 2026-04-27 07:58:39 --> Session: Class initialized using 'CodeIgniter\Session\Handlers\FileHandler' driver.
INFO - 2026-04-27 07:58:57 --> CSRF token verified.
DEBUG - 2026-04-27 07:58:57 --> Session: Class initialized using 'CodeIgniter\Session\Handlers\FileHandler' driver.
DEBUG - 2026-04-27 07:58:58 --> Session: Class initialized using 'CodeIgniter\Session\Handlers\FileHandler' driver.
DEBUG - 2026-04-27 07:59:06 --> Session: Class initialized using 'CodeIgniter\Session\Handlers\FileHandler' driver.
DEBUG - 2026-04-27 07:59:07 --> Session: Class initialized using 'CodeIgniter\Session\Handlers\FileHandler' driver.
INFO - 2026-04-27 08:01:53 --> CSRF token verified.
DEBUG - 2026-04-27 08:01:53 --> Session: Class initialized using 'CodeIgniter\Session\Handlers\FileHandler' driver.
DEBUG - 2026-04-27 08:01:53 --> Session: Class initialized using 'CodeIgniter\Session\Handlers\FileHandler' driver.
DEBUG - 2026-04-27 08:03:17 --> Session: Class initialized using 'CodeIgniter\Session\Handlers\FileHandler' driver.
DEBUG - 2026-04-27 08:03:17 --> Session: Class initialized using 'CodeIgniter\Session\Handlers\FileHandler' driver.
INFO - 2026-04-27 08:03:38 --> CSRF token verified.
DEBUG - 2026-04-27 08:03:38 --> Session: Class initialized using 'CodeIgniter\Session\Handlers\FileHandler' driver.
DEBUG - 2026-04-27 08:03:38 --> Session: Class initialized using 'CodeIgniter\Session\Handlers\FileHandler' driver.
DEBUG - 2026-04-27 08:07:50 --> Session: Class initialized using 'CodeIgniter\Session\Handlers\FileHandler' driver.
DEBUG - 2026-04-27 08:07:50 --> Session: Class initialized using 'CodeIgniter\Session\Handlers\FileHandler' driver.
INFO - 2026-04-27 08:08:02 --> CSRF token verified.
DEBUG - 2026-04-27 08:08:02 --> Session: Class initialized using 'CodeIgniter\Session\Handlers\FileHandler' driver.
DEBUG - 2026-04-27 08:08:02 --> Session: Class initialized using 'CodeIgniter\Session\Handlers\FileHandler' driver.
DEBUG - 2026-04-27 08:12:45 --> Session: Class initialized using 'CodeIgniter\Session\Handlers\FileHandler' driver.
DEBUG - 2026-04-27 08:12:48 --> Session: Class initialized using 'CodeIgniter\Session\Handlers\FileHandler' driver.
DEBUG - 2026-04-27 08:13:18 --> Session: Class initialized using 'CodeIgniter\Session\Handlers\FileHandler' driver.
DEBUG - 2026-04-27 08:13:18 --> Session: Class initialized using 'CodeIgniter\Session\Handlers\FileHandler' driver.
DEBUG - 2026-04-27 08:14:16 --> Session: Class initialized using 'CodeIgniter\Session\Handlers\FileHandler' driver.
DEBUG - 2026-04-27 08:14:17 --> Session: Class initialized using 'CodeIgniter\Session\Handlers\FileHandler' driver.
INFO - 2026-04-27 08:15:57 --> CSRF token verified.
DEBUG - 2026-04-27 08:15:57 --> Session: Class initialized using 'CodeIgniter\Session\Handlers\FileHandler' driver.
DEBUG - 2026-04-27 08:15:57 --> Session: Class initialized using 'CodeIgniter\Session\Handlers\FileHandler' driver.
DEBUG - 2026-04-27 08:28:57 --> Session: Class initialized using 'CodeIgniter\Session\Handlers\FileHandler' driver.
DEBUG - 2026-04-27 08:28:58 --> Session: Class initialized using 'CodeIgniter\Session\Handlers\FileHandler' driver.
DEBUG - 2026-04-27 08:28:59 --> Session: Class initialized using 'CodeIgniter\Session\Handlers\FileHandler' driver.
INFO - 2026-04-27 08:29:10 --> CSRF token verified.
DEBUG - 2026-04-27 08:29:10 --> Session: Class initialized using 'CodeIgniter\Session\Handlers\FileHandler' driver.
DEBUG - 2026-04-27 08:29:11 --> Session: Class initialized using 'CodeIgniter\Session\Handlers\FileHandler' driver.
DEBUG - 2026-04-27 08:33:50 --> Session: Class initialized using 'CodeIgniter\Session\Handlers\FileHandler' driver.
DEBUG - 2026-04-27 08:33:53 --> Session: Class initialized using 'CodeIgniter\Session\Handlers\FileHandler' driver.
DEBUG - 2026-04-27 08:34:15 --> Session: Class initialized using 'CodeIgniter\Session\Handlers\FileHandler' driver.
DEBUG - 2026-04-27 08:34:16 --> Session: Class initialized using 'CodeIgniter\Session\Handlers\FileHandler' driver.
DEBUG - 2026-04-27 08:36:02 --> Session: Class initialized using 'CodeIgniter\Session\Handlers\FileHandler' driver.
CRITICAL - 2026-04-27 08:36:02 --> Error: Call to undefined method CodeIgniter\Session\Session::all()
[Method: GET, Route: admin/dashboard]
in APPPATH\Controllers\Admin.php on line 9.
 1 SYSTEMPATH\CodeIgniter.php(951): App\Controllers\Admin->index()
 2 SYSTEMPATH\CodeIgniter.php(497): CodeIgniter\CodeIgniter->runController(Object(App\Controllers\Admin))
 3 SYSTEMPATH\CodeIgniter.php(340): CodeIgniter\CodeIgniter->handleRequest(null, Object(Config\Cache), false)
 4 SYSTEMPATH\Boot.php(417): CodeIgniter\CodeIgniter->run()
 5 SYSTEMPATH\Boot.php(68): CodeIgniter\Boot::runCodeIgniter(Object(CodeIgniter\CodeIgniter))
 6 FCPATH\index.php(59): CodeIgniter\Boot::bootWeb(Object(Config\Paths))
 7 SYSTEMPATH\rewrite.php(44): require_once('C:\\Users\\BrAiN\\-valuation-des-enseignants\\public\\index.php')
DEBUG - 2026-04-27 08:36:50 --> Session: Class initialized using 'CodeIgniter\Session\Handlers\FileHandler' driver.
DEBUG - 2026-04-27 08:37:51 --> Session: Class initialized using 'CodeIgniter\Session\Handlers\FileHandler' driver.
DEBUG - 2026-04-27 08:37:51 --> Session: Class initialized using 'CodeIgniter\Session\Handlers\FileHandler' driver.
DEBUG - 2026-04-27 08:38:06 --> Session: Class initialized using 'CodeIgniter\Session\Handlers\FileHandler' driver.
DEBUG - 2026-04-27 08:38:06 --> Session: Class initialized using 'CodeIgniter\Session\Handlers\FileHandler' driver.
INFO - 2026-04-27 08:38:30 --> CSRF token verified.
DEBUG - 2026-04-27 08:38:30 --> Session: Class initialized using 'CodeIgniter\Session\Handlers\FileHandler' driver.
DEBUG - 2026-04-27 08:38:31 --> Session: Class initialized using 'CodeIgniter\Session\Handlers\FileHandler' driver.
DEBUG - 2026-04-27 08:38:58 --> Session: Class initialized using 'CodeIgniter\Session\Handlers\FileHandler' driver.
DEBUG - 2026-04-27 08:38:58 --> Session: Class initialized using 'CodeIgniter\Session\Handlers\FileHandler' driver.
DEBUG - 2026-04-27 08:41:38 --> Session: Class initialized using 'CodeIgniter\Session\Handlers\FileHandler' driver.
INFO - 2026-04-27 08:42:09 --> CSRF token verified.
DEBUG - 2026-04-27 08:42:10 --> Session: Class initialized using 'CodeIgniter\Session\Handlers\FileHandler' driver.
DEBUG - 2026-04-27 08:42:10 --> Session: Class initialized using 'CodeIgniter\Session\Handlers\FileHandler' driver.
DEBUG - 2026-04-27 08:42:23 --> Session: Class initialized using 'CodeIgniter\Session\Handlers\FileHandler' driver.
DEBUG - 2026-04-27 08:42:23 --> Session: Class initialized using 'CodeIgniter\Session\Handlers\FileHandler' driver.
INFO - 2026-04-27 08:43:04 --> CSRF token verified.
DEBUG - 2026-04-27 08:43:04 --> Session: Class initialized using 'CodeIgniter\Session\Handlers\FileHandler' driver.
DEBUG - 2026-04-27 08:43:04 --> Session: Class initialized using 'CodeIgniter\Session\Handlers\FileHandler' driver.
DEBUG - 2026-04-27 08:44:06 --> Session: Class initialized using 'CodeIgniter\Session\Handlers\FileHandler' driver.
DEBUG - 2026-04-27 08:45:24 --> Session: Class initialized using 'CodeIgniter\Session\Handlers\FileHandler' driver.
DEBUG - 2026-04-27 08:45:32 --> Session: Class initialized using 'CodeIgniter\Session\Handlers\FileHandler' driver.
DEBUG - 2026-04-27 08:47:04 --> Session: Class initialized using 'CodeIgniter\Session\Handlers\FileHandler' driver.
DEBUG - 2026-04-27 08:47:04 --> Session: Class initialized using 'CodeIgniter\Session\Handlers\FileHandler' driver.
DEBUG - 2026-04-27 08:49:55 --> Session: Class initialized using 'CodeIgniter\Session\Handlers\FileHandler' driver.
DEBUG - 2026-04-27 08:49:56 --> Session: Class initialized using 'CodeIgniter\Session\Handlers\FileHandler' driver.
INFO - 2026-04-27 08:50:18 --> CSRF token verified.
DEBUG - 2026-04-27 08:50:18 --> Session: Class initialized using 'CodeIgniter\Session\Handlers\FileHandler' driver.
DEBUG - 2026-04-27 08:50:18 --> Session: Class initialized using 'CodeIgniter\Session\Handlers\FileHandler' driver.
DEBUG - 2026-04-27 08:50:29 --> Session: Class initialized using 'CodeIgniter\Session\Handlers\FileHandler' driver.
DEBUG - 2026-04-27 08:50:29 --> Session: Class initialized using 'CodeIgniter\Session\Handlers\FileHandler' driver.
INFO - 2026-04-27 08:50:44 --> CSRF token verified.
DEBUG - 2026-04-27 08:50:45 --> Session: Class initialized using 'CodeIgniter\Session\Handlers\FileHandler' driver.
DEBUG - 2026-04-27 08:50:45 --> Session: Class initialized using 'CodeIgniter\Session\Handlers\FileHandler' driver.
DEBUG - 2026-04-27 09:29:26 --> Session: Class initialized using 'CodeIgniter\Session\Handlers\FileHandler' driver.
DEBUG - 2026-04-27 09:29:51 --> Session: Class initialized using 'CodeIgniter\Session\Handlers\FileHandler' driver.
DEBUG - 2026-04-27 09:29:53 --> Session: Class initialized using 'CodeIgniter\Session\Handlers\FileHandler' driver.
DEBUG - 2026-04-27 09:30:25 --> Session: Class initialized using 'CodeIgniter\Session\Handlers\FileHandler' driver.
DEBUG - 2026-04-27 09:30:26 --> Session: Class initialized using 'CodeIgniter\Session\Handlers\FileHandler' driver.
DEBUG - 2026-04-27 09:33:10 --> Session: Class initialized using 'CodeIgniter\Session\Handlers\FileHandler' driver.
DEBUG - 2026-04-27 09:33:14 --> Session: Class initialized using 'CodeIgniter\Session\Handlers\FileHandler' driver.
DEBUG - 2026-04-27 09:34:49 --> Session: Class initialized using 'CodeIgniter\Session\Handlers\FileHandler' driver.
DEBUG - 2026-04-27 09:34:52 --> Session: Class initialized using 'CodeIgniter\Session\Handlers\FileHandler' driver.
INFO - 2026-04-27 09:37:13 --> CSRF token verified.
DEBUG - 2026-04-27 09:37:13 --> Session: Class initialized using 'CodeIgniter\Session\Handlers\FileHandler' driver.
DEBUG - 2026-04-27 09:37:14 --> Session: Class initialized using 'CodeIgniter\Session\Handlers\FileHandler' driver.
DEBUG - 2026-04-27 09:37:25 --> Session: Class initialized using 'CodeIgniter\Session\Handlers\FileHandler' driver.
DEBUG - 2026-04-27 09:37:27 --> Session: Class initialized using 'CodeIgniter\Session\Handlers\FileHandler' driver.
INFO - 2026-04-27 09:37:57 --> CSRF token verified.
DEBUG - 2026-04-27 09:37:57 --> Session: Class initialized using 'CodeIgniter\Session\Handlers\FileHandler' driver.
DEBUG - 2026-04-27 09:37:57 --> Session: Class initialized using 'CodeIgniter\Session\Handlers\FileHandler' driver.
DEBUG - 2026-04-27 09:38:30 --> Session: Class initialized using 'CodeIgniter\Session\Handlers\FileHandler' driver.
DEBUG - 2026-04-27 09:38:30 --> Session: Class initialized using 'CodeIgniter\Session\Handlers\FileHandler' driver.
DEBUG - 2026-04-27 09:38:33 --> Session: Class initialized using 'CodeIgniter\Session\Handlers\FileHandler' driver.
DEBUG - 2026-04-27 09:38:41 --> Session: Class initialized using 'CodeIgniter\Session\Handlers\FileHandler' driver.
DEBUG - 2026-04-27 09:38:41 --> Session: Class initialized using 'CodeIgniter\Session\Handlers\FileHandler' driver.
DEBUG - 2026-04-27 09:38:44 --> Session: Class initialized using 'CodeIgniter\Session\Handlers\FileHandler' driver.
DEBUG - 2026-04-27 09:38:44 --> Session: Class initialized using 'CodeIgniter\Session\Handlers\FileHandler' driver.
INFO - 2026-04-27 09:38:58 --> CSRF token verified.
DEBUG - 2026-04-27 09:38:59 --> Session: Class initialized using 'CodeIgniter\Session\Handlers\FileHandler' driver.
DEBUG - 2026-04-27 09:38:59 --> Session: Class initialized using 'CodeIgniter\Session\Handlers\FileHandler' driver.
INFO - 2026-04-27 09:39:06 --> CSRF token verified.
DEBUG - 2026-04-27 09:39:06 --> Session: Class initialized using 'CodeIgniter\Session\Handlers\FileHandler' driver.
DEBUG - 2026-04-27 09:39:06 --> Session: Class initialized using 'CodeIgniter\Session\Handlers\FileHandler' driver.
INFO - 2026-04-27 09:39:27 --> CSRF token verified.
DEBUG - 2026-04-27 09:39:27 --> Session: Class initialized using 'CodeIgniter\Session\Handlers\FileHandler' driver.
DEBUG - 2026-04-27 09:39:27 --> Session: Class initialized using 'CodeIgniter\Session\Handlers\FileHandler' driver.
INFO - 2026-04-27 09:39:33 --> CSRF token verified.
DEBUG - 2026-04-27 09:39:33 --> Session: Class initialized using 'CodeIgniter\Session\Handlers\FileHandler' driver.
DEBUG - 2026-04-27 09:39:33 --> Session: Class initialized using 'CodeIgniter\Session\Handlers\FileHandler' driver.
INFO - 2026-04-27 09:39:48 --> CSRF token verified.
DEBUG - 2026-04-27 09:39:48 --> Session: Class initialized using 'CodeIgniter\Session\Handlers\FileHandler' driver.
DEBUG - 2026-04-27 09:39:49 --> Session: Class initialized using 'CodeIgniter\Session\Handlers\FileHandler' driver.
DEBUG - 2026-04-27 09:40:04 --> Session: Class initialized using 'CodeIgniter\Session\Handlers\FileHandler' driver.
DEBUG - 2026-04-27 09:41:05 --> Session: Class initialized using 'CodeIgniter\Session\Handlers\FileHandler' driver.
INFO - 2026-04-27 09:41:27 --> CSRF token verified.
DEBUG - 2026-04-27 09:41:27 --> Session: Class initialized using 'CodeIgniter\Session\Handlers\FileHandler' driver.
DEBUG - 2026-04-27 09:41:27 --> Session: Class initialized using 'CodeIgniter\Session\Handlers\FileHandler' driver.
DEBUG - 2026-04-27 09:41:51 --> Session: Class initialized using 'CodeIgniter\Session\Handlers\FileHandler' driver.
DEBUG - 2026-04-27 09:41:51 --> Session: Class initialized using 'CodeIgniter\Session\Handlers\FileHandler' driver.
DEBUG - 2026-04-27 09:41:53 --> Session: Class initialized using 'CodeIgniter\Session\Handlers\FileHandler' driver.
INFO - 2026-04-27 09:42:15 --> CSRF token verified.
DEBUG - 2026-04-27 09:42:15 --> Session: Class initialized using 'CodeIgniter\Session\Handlers\FileHandler' driver.
DEBUG - 2026-04-27 09:42:16 --> Session: Class initialized using 'CodeIgniter\Session\Handlers\FileHandler' driver.
DEBUG - 2026-04-27 09:42:39 --> Session: Class initialized using 'CodeIgniter\Session\Handlers\FileHandler' driver.
DEBUG - 2026-04-27 09:42:39 --> Session: Class initialized using 'CodeIgniter\Session\Handlers\FileHandler' driver.
INFO - 2026-04-27 09:42:48 --> CSRF token verified.
DEBUG - 2026-04-27 09:42:48 --> Session: Class initialized using 'CodeIgniter\Session\Handlers\FileHandler' driver.
DEBUG - 2026-04-27 09:42:48 --> Session: Class initialized using 'CodeIgniter\Session\Handlers\FileHandler' driver.
DEBUG - 2026-04-27 09:42:54 --> Session: Class initialized using 'CodeIgniter\Session\Handlers\FileHandler' driver.
DEBUG - 2026-04-27 09:42:54 --> Session: Class initialized using 'CodeIgniter\Session\Handlers\FileHandler' driver.
INFO - 2026-04-27 09:43:02 --> CSRF token verified.
DEBUG - 2026-04-27 09:43:02 --> Session: Class initialized using 'CodeIgniter\Session\Handlers\FileHandler' driver.
DEBUG - 2026-04-27 09:43:02 --> Session: Class initialized using 'CodeIgniter\Session\Handlers\FileHandler' driver.
DEBUG - 2026-04-27 09:43:32 --> Session: Class initialized using 'CodeIgniter\Session\Handlers\FileHandler' driver.
DEBUG - 2026-04-27 09:43:33 --> Session: Class initialized using 'CodeIgniter\Session\Handlers\FileHandler' driver.
INFO - 2026-04-27 09:44:07 --> CSRF token verified.
DEBUG - 2026-04-27 09:44:07 --> Session: Class initialized using 'CodeIgniter\Session\Handlers\FileHandler' driver.
DEBUG - 2026-04-27 09:44:07 --> Session: Class initialized using 'CodeIgniter\Session\Handlers\FileHandler' driver.
DEBUG - 2026-04-27 09:44:46 --> Session: Class initialized using 'CodeIgniter\Session\Handlers\FileHandler' driver.
DEBUG - 2026-04-27 09:44:46 --> Session: Class initialized using 'CodeIgniter\Session\Handlers\FileHandler' driver.
INFO - 2026-04-27 09:45:04 --> CSRF token verified.
DEBUG - 2026-04-27 09:45:04 --> Session: Class initialized using 'CodeIgniter\Session\Handlers\FileHandler' driver.
DEBUG - 2026-04-27 09:45:04 --> Session: Class initialized using 'CodeIgniter\Session\Handlers\FileHandler' driver.
DEBUG - 2026-04-27 09:47:00 --> Session: Class initialized using 'CodeIgniter\Session\Handlers\FileHandler' driver.
DEBUG - 2026-04-27 09:47:19 --> Session: Class initialized using 'CodeIgniter\Session\Handlers\FileHandler' driver.
DEBUG - 2026-04-27 09:47:41 --> Session: Class initialized using 'CodeIgniter\Session\Handlers\FileHandler' driver.
DEBUG - 2026-04-27 09:47:41 --> Session: Class initialized using 'CodeIgniter\Session\Handlers\FileHandler' driver.
DEBUG - 2026-04-27 09:48:51 --> Session: Class initialized using 'CodeIgniter\Session\Handlers\FileHandler' driver.
DEBUG - 2026-04-27 09:48:51 --> Session: Class initialized using 'CodeIgniter\Session\Handlers\FileHandler' driver.
INFO - 2026-04-27 09:51:31 --> CSRF token verified.
DEBUG - 2026-04-27 09:51:31 --> Session: Class initialized using 'CodeIgniter\Session\Handlers\FileHandler' driver.
DEBUG - 2026-04-27 09:51:31 --> Session: Class initialized using 'CodeIgniter\Session\Handlers\FileHandler' driver.
DEBUG - 2026-04-27 09:53:14 --> Session: Class initialized using 'CodeIgniter\Session\Handlers\FileHandler' driver.
DEBUG - 2026-04-27 09:53:18 --> Session: Class initialized using 'CodeIgniter\Session\Handlers\FileHandler' driver.
DEBUG - 2026-04-27 09:53:23 --> Session: Class initialized using 'CodeIgniter\Session\Handlers\FileHandler' driver.
DEBUG - 2026-04-27 09:53:23 --> Session: Class initialized using 'CodeIgniter\Session\Handlers\FileHandler' driver.
DEBUG - 2026-04-27 09:53:38 --> Session: Class initialized using 'CodeIgniter\Session\Handlers\FileHandler' driver.
DEBUG - 2026-04-27 09:53:48 --> Session: Class initialized using 'CodeIgniter\Session\Handlers\FileHandler' driver.
DEBUG - 2026-04-27 09:53:50 --> Session: Class initialized using 'CodeIgniter\Session\Handlers\FileHandler' driver.
DEBUG - 2026-04-27 09:53:50 --> Session: Class initialized using 'CodeIgniter\Session\Handlers\FileHandler' driver.
INFO - 2026-04-27 09:53:54 --> CSRF token verified.
DEBUG - 2026-04-27 09:53:54 --> Session: Class initialized using 'CodeIgniter\Session\Handlers\FileHandler' driver.
DEBUG - 2026-04-27 09:53:54 --> Session: Class initialized using 'CodeIgniter\Session\Handlers\FileHandler' driver.
INFO - 2026-04-27 09:54:02 --> CSRF token verified.
DEBUG - 2026-04-27 09:54:02 --> Session: Class initialized using 'CodeIgniter\Session\Handlers\FileHandler' driver.
DEBUG - 2026-04-27 09:54:02 --> Session: Class initialized using 'CodeIgniter\Session\Handlers\FileHandler' driver.
INFO - 2026-04-27 09:54:21 --> CSRF token verified.
DEBUG - 2026-04-27 09:54:21 --> Session: Class initialized using 'CodeIgniter\Session\Handlers\FileHandler' driver.
DEBUG - 2026-04-27 09:54:21 --> Session: Class initialized using 'CodeIgniter\Session\Handlers\FileHandler' driver.
DEBUG - 2026-04-27 09:54:25 --> Session: Class initialized using 'CodeIgniter\Session\Handlers\FileHandler' driver.
DEBUG - 2026-04-27 09:54:27 --> Session: Class initialized using 'CodeIgniter\Session\Handlers\FileHandler' driver.
DEBUG - 2026-04-27 09:54:27 --> Session: Class initialized using 'CodeIgniter\Session\Handlers\FileHandler' driver.
DEBUG - 2026-04-27 09:56:18 --> Session: Class initialized using 'CodeIgniter\Session\Handlers\FileHandler' driver.
DEBUG - 2026-04-27 09:56:29 --> Session: Class initialized using 'CodeIgniter\Session\Handlers\FileHandler' driver.
DEBUG - 2026-04-27 09:56:30 --> Session: Class initialized using 'CodeIgniter\Session\Handlers\FileHandler' driver.
DEBUG - 2026-04-27 09:56:32 --> Session: Class initialized using 'CodeIgniter\Session\Handlers\FileHandler' driver.
DEBUG - 2026-04-27 09:56:34 --> Session: Class initialized using 'CodeIgniter\Session\Handlers\FileHandler' driver.
DEBUG - 2026-04-27 09:56:45 --> Session: Class initialized using 'CodeIgniter\Session\Handlers\FileHandler' driver.
DEBUG - 2026-04-27 09:56:48 --> Session: Class initialized using 'CodeIgniter\Session\Handlers\FileHandler' driver.
DEBUG - 2026-04-27 09:56:51 --> Session: Class initialized using 'CodeIgniter\Session\Handlers\FileHandler' driver.
DEBUG - 2026-04-27 09:56:54 --> Session: Class initialized using 'CodeIgniter\Session\Handlers\FileHandler' driver.
DEBUG - 2026-04-27 09:57:27 --> Session: Class initialized using 'CodeIgniter\Session\Handlers\FileHandler' driver.
DEBUG - 2026-04-27 09:57:27 --> Session: Class initialized using 'CodeIgniter\Session\Handlers\FileHandler' driver.
INFO - 2026-04-27 10:01:27 --> CSRF token verified.
DEBUG - 2026-04-27 10:01:27 --> Session: Class initialized using 'CodeIgniter\Session\Handlers\FileHandler' driver.
DEBUG - 2026-04-27 10:01:27 --> Session: Class initialized using 'CodeIgniter\Session\Handlers\FileHandler' driver.
DEBUG - 2026-04-27 10:02:01 --> Session: Class initialized using 'CodeIgniter\Session\Handlers\FileHandler' driver.
DEBUG - 2026-04-27 10:02:02 --> Session: Class initialized using 'CodeIgniter\Session\Handlers\FileHandler' driver.
DEBUG - 2026-04-27 10:05:31 --> Session: Class initialized using 'CodeIgniter\Session\Handlers\FileHandler' driver.
DEBUG - 2026-04-27 10:06:35 --> Session: Class initialized using 'CodeIgniter\Session\Handlers\FileHandler' driver.
DEBUG - 2026-04-27 10:06:38 --> Session: Class initialized using 'CodeIgniter\Session\Handlers\FileHandler' driver.
DEBUG - 2026-04-27 10:06:40 --> Session: Class initialized using 'CodeIgniter\Session\Handlers\FileHandler' driver.
DEBUG - 2026-04-27 10:08:31 --> Session: Class initialized using 'CodeIgniter\Session\Handlers\FileHandler' driver.
DEBUG - 2026-04-27 10:09:32 --> Session: Class initialized using 'CodeIgniter\Session\Handlers\FileHandler' driver.
DEBUG - 2026-04-27 10:09:33 --> Session: Class initialized using 'CodeIgniter\Session\Handlers\FileHandler' driver.
